Using pre-set license
Built from '2021.3/staging' branch; Version is '2021.3.11f1 (0a5ca18544bf) revision 679073'; Using compiler version '192829333'; Build Type 'Release'
OS: 'Windows 10  (10.0.19044) 64bit CoreSingleLanguage' Language: 'es' Physical Memory: 8002 MB
BatchMode: 1, IsHumanControllingUs: 0, StartBugReporterOnCrash: 0, Is64bit: 1, IsPro: 1

COMMAND LINE ARGUMENTS:
C:\Program Files\Unity\Hub\Editor\2021.3.11f1\Editor\Unity.exe
-adb2
-batchMode
-noUpm
-name
AssetImportWorker2
-projectPath
D:/juegos unity/Primer_juegoUnity-/laberintos y puzzles
-logFile
Logs/AssetImportWorker2.log
-srvPort
51808
Successfully changed project path to: D:/juegos unity/Primer_juegoUnity-/laberintos y puzzles
D:/juegos unity/Primer_juegoUnity-/laberintos y puzzles
[UnityMemory] Configuration Parameters - Can be set up in boot.config
    "memorysetup-bucket-allocator-granularity=16"
    "memorysetup-bucket-allocator-bucket-count=8"
    "memorysetup-bucket-allocator-block-size=33554432"
    "memorysetup-bucket-allocator-block-count=8"
    "memorysetup-main-allocator-block-size=16777216"
    "memorysetup-thread-allocator-block-size=16777216"
    "memorysetup-gfx-main-allocator-block-size=16777216"
    "memorysetup-gfx-thread-allocator-block-size=16777216"
    "memorysetup-cache-allocator-block-size=4194304"
    "memorysetup-typetree-allocator-block-size=2097152"
    "memorysetup-profiler-bucket-allocator-granularity=16"
    "memorysetup-profiler-bucket-allocator-bucket-count=8"
    "memorysetup-profiler-bucket-allocator-block-size=33554432"
    "memorysetup-profiler-bucket-allocator-block-count=8"
    "memorysetup-profiler-allocator-block-size=16777216"
    "memorysetup-profiler-editor-allocator-block-size=1048576"
    "memorysetup-temp-allocator-size-main=16777216"
    "memorysetup-job-temp-allocator-block-size=2097152"
    "memorysetup-job-temp-allocator-block-size-background=1048576"
    "memorysetup-job-temp-allocator-reduction-small-platforms=262144"
    "memorysetup-temp-allocator-size-background-worker=32768"
    "memorysetup-temp-allocator-size-job-worker=262144"
    "memorysetup-temp-allocator-size-preload-manager=33554432"
    "memorysetup-temp-allocator-size-nav-mesh-worker=65536"
    "memorysetup-temp-allocator-size-audio-worker=65536"
    "memorysetup-temp-allocator-size-cloud-worker=32768"
    "memorysetup-temp-allocator-size-gi-baking-worker=262144"
    "memorysetup-temp-allocator-size-gfx=262144"
Refreshing native plugins compatible for Editor in 118.32 ms, found 3 plugins.
Preloading 0 native plugins for Editor in 0.00 ms.
Initialize engine version: 2021.3.11f1 (0a5ca18544bf)
[Subsystems] Discovering subsystems at path C:/Program Files/Unity/Hub/Editor/2021.3.11f1/Editor/Data/Resources/UnitySubsystems
[Subsystems] Discovering subsystems at path D:/juegos unity/Primer_juegoUnity-/laberintos y puzzles/Assets
GfxDevice: creating device client; threaded=0; jobified=0
Direct3D:
    Version:  Direct3D 11.0 [level 11.1]
    Renderer: Radeon RX 560X (ID=0x67ef)
    Vendor:   ATI
    VRAM:     4074 MB
    Driver:   31.0.12029.10015
Initialize mono
Mono path[0] = 'C:/Program Files/Unity/Hub/Editor/2021.3.11f1/Editor/Data/Managed'
Mono path[1] = 'C:/Program Files/Unity/Hub/Editor/2021.3.11f1/Editor/Data/MonoBleedingEdge/lib/mono/unityjit-win32'
Mono config path = 'C:/Program Files/Unity/Hub/Editor/2021.3.11f1/Editor/Data/MonoBleedingEdge/etc'
Using monoOptions --debugger-agent=transport=dt_socket,embedding=1,server=y,suspend=n,address=127.0.0.1:56440
Begin MonoManager ReloadAssembly
Registering precompiled unity dll's ...
Register platform support module: C:/Program Files/Unity/Hub/Editor/2021.3.11f1/Editor/Data/PlaybackEngines/AndroidPlayer/UnityEditor.Android.Extensions.dll
Register platform support module: C:/Program Files/Unity/Hub/Editor/2021.3.11f1/Editor/Data/PlaybackEngines/WindowsStandaloneSupport/UnityEditor.WindowsStandalone.Extensions.dll
Registered in 0.013587 seconds.
Native extension for WindowsStandalone target not found
Native extension for Android target not found
Refreshing native plugins compatible for Editor in 127.94 ms, found 3 plugins.
Preloading 0 native plugins for Editor in 0.00 ms.
Mono: successfully reloaded assembly
- Completed reload, in  1.016 seconds
Domain Reload Profiling:
	ReloadAssembly (1016ms)
		BeginReloadAssembly (114ms)
			ExecutionOrderSort (0ms)
			DisableScriptedObjects (0ms)
			BackupInstance (0ms)
			ReleaseScriptingObjects (0ms)
			CreateAndSetChildDomain (1ms)
		EndReloadAssembly (719ms)
			LoadAssemblies (111ms)
			RebuildTransferFunctionScriptingTraits (0ms)
			SetupTypeCache (149ms)
			ReleaseScriptCaches (0ms)
			RebuildScriptCaches (39ms)
			SetupLoadedEditorAssemblies (451ms)
				LogAssemblyErrors (0ms)
				InitializePlatformSupportModulesInManaged (91ms)
				SetLoadedEditorAssemblies (0ms)
				RefreshPlugins (128ms)
				BeforeProcessingInitializeOnLoad (2ms)
				ProcessInitializeOnLoadAttributes (154ms)
				ProcessInitializeOnLoadMethodAttributes (75ms)
				AfterProcessingInitializeOnLoad (0ms)
				EditorAssembliesLoaded (0ms)
			ExecutionOrderSort2 (0ms)
			AwakeInstancesAfterBackupRestoration (0ms)
Platform modules already initialized, skipping
Registering precompiled user dll's ...
Registered in 0.008480 seconds.
Android Extension - Scanning For ADB Devices 4945 ms
Begin MonoManager ReloadAssembly
Symbol file LoadedFromMemory doesn't match image D:\juegos unity\Primer_juegoUnity-\laberintos y puzzles\Library\PackageCache\com.unity.visualscripting@1.7.8\Editor\VisualScripting.Core\Dependencies\YamlDotNet\Unity.VisualScripting.YamlDotNet.dll
Symbol file LoadedFromMemory doesn't match image D:\juegos unity\Primer_juegoUnity-\laberintos y puzzles\Library\PackageCache\com.unity.visualscripting@1.7.8\Editor\VisualScripting.Core\Dependencies\DotNetZip\Unity.VisualScripting.IonicZip.dll
Native extension for WindowsStandalone target not found
Native extension for Android target not found
Refreshing native plugins compatible for Editor in 121.45 ms, found 3 plugins.
Preloading 0 native plugins for Editor in 0.00 ms.
Mono: successfully reloaded assembly
- Completed reload, in  3.398 seconds
Domain Reload Profiling:
	ReloadAssembly (3399ms)
		BeginReloadAssembly (168ms)
			ExecutionOrderSort (0ms)
			DisableScriptedObjects (10ms)
			BackupInstance (0ms)
			ReleaseScriptingObjects (0ms)
			CreateAndSetChildDomain (27ms)
		EndReloadAssembly (2973ms)
			LoadAssemblies (1412ms)
			RebuildTransferFunctionScriptingTraits (0ms)
			SetupTypeCache (423ms)
			ReleaseScriptCaches (1ms)
			RebuildScriptCaches (92ms)
			SetupLoadedEditorAssemblies (979ms)
				LogAssemblyErrors (0ms)
				InitializePlatformSupportModulesInManaged (20ms)
				SetLoadedEditorAssemblies (0ms)
				RefreshPlugins (122ms)
				BeforeProcessingInitializeOnLoad (120ms)
				ProcessInitializeOnLoadAttributes (660ms)
				ProcessInitializeOnLoadMethodAttributes (43ms)
				AfterProcessingInitializeOnLoad (14ms)
				EditorAssembliesLoaded (0ms)
			ExecutionOrderSort2 (0ms)
			AwakeInstancesAfterBackupRestoration (7ms)
Platform modules already initialized, skipping
========================================================================
Worker process is ready to serve import requests
Launched and connected shader compiler UnityShaderCompiler.exe after 0.06 seconds
Refreshing native plugins compatible for Editor in 1.52 ms, found 3 plugins.
Preloading 0 native plugins for Editor in 0.00 ms.
Unloading 3915 Unused Serialized files (Serialized files now loaded: 0)
Unloading 43 unused Assets / (186.5 KB). Loaded Objects now: 4379.
Memory consumption went from 140.6 MB to 140.4 MB.
Total: 6.552700 ms (FindLiveObjects: 0.897100 ms CreateObjectMapping: 0.504700 ms MarkObjects: 4.979100 ms  DeleteObjects: 0.169700 ms)

AssetImportParameters requested are different than current active one (requested -> active):
  custom:video-decoder-ogg-theora: a1e56fd34408186e4bbccfd4996cb3dc -> 
  custom:container-muxer-webm: aa71ff27fc2769a1b78a27578f13a17b -> 
  custom:container-demuxer-webm: 4f35f7cbe854078d1ac9338744f61a02 -> 
  custom:video-encoder-webm-vp8: eb34c28f22e8b96e1ab97ce403110664 -> 
  custom:video-codec-MediaFoundation-h265: 746d11721c4dcdbdad8f713fa42b33f4 -> 
  custom:audio-encoder-webm-vorbis: bf7c407c2cedff20999df2af8eb42d56 -> 
  custom:framework-win-MediaFoundation: 216162199b28c13a410421893ffa2e32 -> 
  custom:container-demuxer-ogg: 62fdf1f143b41e24485cea50d1cbac27 -> 
  custom:video-decoder-webm-vp8: 9c59270c3fd7afecdb556c50c9e8de78 -> 
  custom:audio-decoder-ogg-vorbis: bf7c407c2cedff20999df2af8eb42d56 -> 
========================================================================
Received Import Request.
  Time since last request: 6865.748447 seconds.
  path: Assets/Sci-Fi Styled Modular Pack
  artifactKey: Guid(09ff04ebbf9ff6f4eb5980579a337869) Importer(815301076,1909f56bfc062723c751e8b465ee728b)
Start importing Assets/Sci-Fi Styled Modular Pack using Guid(09ff04ebbf9ff6f4eb5980579a337869) Importer(815301076,1909f56bfc062723c751e8b465ee728b)  -> (artifact id: 'cadb40b93731f83dc5e75dcce711c53d') in 0.021188 seconds 
========================================================================
Received Import Request.
  Time since last request: 18.834988 seconds.
  path: Assets/CosasParaProyecto/Sci-Fi Styled Modular Pack/Animations
  artifactKey: Guid(bd233d1e21133c54c8a98546e614e351) Importer(815301076,1909f56bfc062723c751e8b465ee728b)
Start importing Assets/CosasParaProyecto/Sci-Fi Styled Modular Pack/Animations using Guid(bd233d1e21133c54c8a98546e614e351) Importer(815301076,1909f56bfc062723c751e8b465ee728b)  -> (artifact id: '58817234f7c85da1f6ed5655aea3a011') in 0.013829 seconds 
========================================================================
Received Import Request.
  Time since last request: 1.423563 seconds.
  path: Assets/CosasParaProyecto/Sci-Fi Styled Modular Pack/Animations/door_1_closed.anim
  artifactKey: Guid(6ffa4ee6d76e25345ba3ecf24d9ace90) Importer(815301076,1909f56bfc062723c751e8b465ee728b)
Start importing Assets/CosasParaProyecto/Sci-Fi Styled Modular Pack/Animations/door_1_closed.anim using Guid(6ffa4ee6d76e25345ba3ecf24d9ace90) Importer(815301076,1909f56bfc062723c751e8b465ee728b)  -> (artifact id: '3cc7d999d75b84c9f89a326d3d6ceeac') in 0.056852 seconds 
========================================================================
Received Import Request.
  Time since last request: 4.976341 seconds.
  path: Assets/CosasParaProyecto/Sci-Fi Styled Modular Pack/Animations/glass_door_close.anim
  artifactKey: Guid(40faa0999e90a07488289732acbacac4) Importer(815301076,1909f56bfc062723c751e8b465ee728b)
Start importing Assets/CosasParaProyecto/Sci-Fi Styled Modular Pack/Animations/glass_door_close.anim using Guid(40faa0999e90a07488289732acbacac4) Importer(815301076,1909f56bfc062723c751e8b465ee728b)  -> (artifact id: 'fa0f46516537bbcf05dbe1677af0402d') in 0.014138 seconds 
========================================================================
Received Import Request.
  Time since last request: 6.302561 seconds.
  path: Assets/CosasParaProyecto/Sci-Fi Styled Modular Pack/Example scenes
  artifactKey: Guid(c3044d2c539506749a9607c66c189c14) Importer(815301076,1909f56bfc062723c751e8b465ee728b)
Start importing Assets/CosasParaProyecto/Sci-Fi Styled Modular Pack/Example scenes using Guid(c3044d2c539506749a9607c66c189c14) Importer(815301076,1909f56bfc062723c751e8b465ee728b)  -> (artifact id: '8e575cb7c64040f1e0a2e7fe5607e298') in 0.012723 seconds 
========================================================================
Received Import Request.
  Time since last request: 1.624072 seconds.
  path: Assets/CosasParaProyecto/Sci-Fi Styled Modular Pack/Example scenes/outpost on desert.unity
  artifactKey: Guid(b42ca4c5c936383429d2318c931f7ad2) Importer(815301076,1909f56bfc062723c751e8b465ee728b)
Start importing Assets/CosasParaProyecto/Sci-Fi Styled Modular Pack/Example scenes/outpost on desert.unity using Guid(b42ca4c5c936383429d2318c931f7ad2) Importer(815301076,1909f56bfc062723c751e8b465ee728b)  -> (artifact id: 'a8e74a018b91c5378f62c60166222842') in 0.013722 seconds 
========================================================================
Received Import Request.
  Time since last request: 3.487327 seconds.
  path: Assets/CosasParaProyecto/Sci-Fi Styled Modular Pack/Example scenes/outpost with snow.unity
  artifactKey: Guid(e8cf1d29775c7e24f9dd35148a6437c0) Importer(815301076,1909f56bfc062723c751e8b465ee728b)
Start importing Assets/CosasParaProyecto/Sci-Fi Styled Modular Pack/Example scenes/outpost with snow.unity using Guid(e8cf1d29775c7e24f9dd35148a6437c0) Importer(815301076,1909f56bfc062723c751e8b465ee728b)  -> (artifact id: '712023f1f6bf920ffbe152f2b9550e4d') in 0.013719 seconds 
========================================================================
Received Import Request.
  Time since last request: 1.654330 seconds.
  path: Assets/CosasParaProyecto/Sci-Fi Styled Modular Pack/Example scenes/Materials
  artifactKey: Guid(2ab72befc884bc441bbb2ff569663c83) Importer(815301076,1909f56bfc062723c751e8b465ee728b)
Start importing Assets/CosasParaProyecto/Sci-Fi Styled Modular Pack/Example scenes/Materials using Guid(2ab72befc884bc441bbb2ff569663c83) Importer(815301076,1909f56bfc062723c751e8b465ee728b)  -> (artifact id: '1a84a988474b8c72da8546c9bf41cef0') in 0.104059 seconds 
========================================================================
Received Import Request.
  Time since last request: 0.000045 seconds.
  path: Assets/CosasParaProyecto/Sci-Fi Styled Modular Pack/Example scenes/Materials/Snow.mat
  artifactKey: Guid(d6ca041d3b582d94a8f2ad86f4b1e304) Importer(815301076,1909f56bfc062723c751e8b465ee728b)
Start importing Assets/CosasParaProyecto/Sci-Fi Styled Modular Pack/Example scenes/Materials/Snow.mat using Guid(d6ca041d3b582d94a8f2ad86f4b1e304) Importer(815301076,1909f56bfc062723c751e8b465ee728b)  -> (artifact id: '0aa283c8c556f945ed9c5cd6c6fdba93') in 0.190515 seconds 
========================================================================
Received Import Request.
  Time since last request: 4.854957 seconds.
  path: Assets/CosasParaProyecto/Sci-Fi Styled Modular Pack/Models
  artifactKey: Guid(5902297ebb0c5f34ca42aeca563efee0) Importer(815301076,1909f56bfc062723c751e8b465ee728b)
Start importing Assets/CosasParaProyecto/Sci-Fi Styled Modular Pack/Models using Guid(5902297ebb0c5f34ca42aeca563efee0) Importer(815301076,1909f56bfc062723c751e8b465ee728b)  -> (artifact id: '75b8d6c3989bed3ecf338d9540d185a9') in 0.013534 seconds 
========================================================================
Received Import Request.
  Time since last request: 0.060746 seconds.
  path: Assets/CosasParaProyecto/Sci-Fi Styled Modular Pack/Models/art_1.fbx
  artifactKey: Guid(eb75e9f492c943a4dac52c742f729357) Importer(815301076,1909f56bfc062723c751e8b465ee728b)
Start importing Assets/CosasParaProyecto/Sci-Fi Styled Modular Pack/Models/art_1.fbx using Guid(eb75e9f492c943a4dac52c742f729357) Importer(815301076,1909f56bfc062723c751e8b465ee728b)  -> (artifact id: 'd528c5c5f9eaf59aa471b622e3f94eed') in 0.120008 seconds 
========================================================================
Received Import Request.
  Time since last request: 0.000030 seconds.
  path: Assets/CosasParaProyecto/Sci-Fi Styled Modular Pack/Models/column_kneel_2.fbx
  artifactKey: Guid(b250e3bd6d5535e4798eee919e2f8cd2) Importer(815301076,1909f56bfc062723c751e8b465ee728b)
Start importing Assets/CosasParaProyecto/Sci-Fi Styled Modular Pack/Models/column_kneel_2.fbx using Guid(b250e3bd6d5535e4798eee919e2f8cd2) Importer(815301076,1909f56bfc062723c751e8b465ee728b)  -> (artifact id: 'ce8a666dbe278f673e2a9cdac23d6dc6') in 0.032552 seconds 
========================================================================
Received Import Request.
  Time since last request: 0.000036 seconds.
  path: Assets/CosasParaProyecto/Sci-Fi Styled Modular Pack/Models/Cube_1x2_extended.fbx
  artifactKey: Guid(4ea7f4ce4710e444abbd19154bbe29b8) Importer(815301076,1909f56bfc062723c751e8b465ee728b)
Start importing Assets/CosasParaProyecto/Sci-Fi Styled Modular Pack/Models/Cube_1x2_extended.fbx using Guid(4ea7f4ce4710e444abbd19154bbe29b8) Importer(815301076,1909f56bfc062723c751e8b465ee728b)  -> (artifact id: '67a04b4230c647157a551b0317d35533') in 0.030288 seconds 
========================================================================
Received Import Request.
  Time since last request: 0.000102 seconds.
  path: Assets/CosasParaProyecto/Sci-Fi Styled Modular Pack/Models/blank_wall_B.fbx
  artifactKey: Guid(177afface069d0c47af680d3f8a5815e) Importer(815301076,1909f56bfc062723c751e8b465ee728b)
Start importing Assets/CosasParaProyecto/Sci-Fi Styled Modular Pack/Models/blank_wall_B.fbx using Guid(177afface069d0c47af680d3f8a5815e) Importer(815301076,1909f56bfc062723c751e8b465ee728b)  -> (artifact id: '937bea456cb62a391f6c5d314eb9d524') in 0.043316 seconds 
========================================================================
Received Import Request.
  Time since last request: 0.000031 seconds.
  path: Assets/CosasParaProyecto/Sci-Fi Styled Modular Pack/Models/decorative_half_wall_2_LOD0.fbx
  artifactKey: Guid(2f9d1dcfed18d0741beb67e027251e64) Importer(815301076,1909f56bfc062723c751e8b465ee728b)
Start importing Assets/CosasParaProyecto/Sci-Fi Styled Modular Pack/Models/decorative_half_wall_2_LOD0.fbx using Guid(2f9d1dcfed18d0741beb67e027251e64) Importer(815301076,1909f56bfc062723c751e8b465ee728b)  -> (artifact id: '50ab3f79ada553c70e5f9791070c0c45') in 0.034816 seconds 
========================================================================
Received Import Request.
  Time since last request: 0.000037 seconds.
  path: Assets/CosasParaProyecto/Sci-Fi Styled Modular Pack/Models/battery_medium.fbx
  artifactKey: Guid(c1c48e1341ea35d4fa172cdb915ed140) Importer(815301076,1909f56bfc062723c751e8b465ee728b)
Start importing Assets/CosasParaProyecto/Sci-Fi Styled Modular Pack/Models/battery_medium.fbx using Guid(c1c48e1341ea35d4fa172cdb915ed140) Importer(815301076,1909f56bfc062723c751e8b465ee728b)  -> (artifact id: '6641e712d9ec2679f6945b25f7e6fee7') in 0.034353 seconds 
========================================================================
Received Import Request.
  Time since last request: 0.000030 seconds.
  path: Assets/CosasParaProyecto/Sci-Fi Styled Modular Pack/Models/blank_wall_A.fbx
  artifactKey: Guid(f956c720d66359e44b3d685035075942) Importer(815301076,1909f56bfc062723c751e8b465ee728b)
Start importing Assets/CosasParaProyecto/Sci-Fi Styled Modular Pack/Models/blank_wall_A.fbx using Guid(f956c720d66359e44b3d685035075942) Importer(815301076,1909f56bfc062723c751e8b465ee728b)  -> (artifact id: 'b3a3025327302f0726282c69bf98fc8a') in 0.037402 seconds 
========================================================================
Received Import Request.
  Time since last request: 0.000037 seconds.
  path: Assets/CosasParaProyecto/Sci-Fi Styled Modular Pack/Models/bulletin_board_small.fbx
  artifactKey: Guid(1a4d745aad5a4c14ea26a3818a4b4adf) Importer(815301076,1909f56bfc062723c751e8b465ee728b)
Start importing Assets/CosasParaProyecto/Sci-Fi Styled Modular Pack/Models/bulletin_board_small.fbx using Guid(1a4d745aad5a4c14ea26a3818a4b4adf) Importer(815301076,1909f56bfc062723c751e8b465ee728b)  -> (artifact id: '6a3b14c86991915da94f1ec4d80f7ea0') in 0.030998 seconds 
========================================================================
Received Import Request.
  Time since last request: 0.000051 seconds.
  path: Assets/CosasParaProyecto/Sci-Fi Styled Modular Pack/Models/cabinet_L_cutted.fbx
  artifactKey: Guid(ce77e936a9505b142a210040b9ab07e0) Importer(815301076,1909f56bfc062723c751e8b465ee728b)
Start importing Assets/CosasParaProyecto/Sci-Fi Styled Modular Pack/Models/cabinet_L_cutted.fbx using Guid(ce77e936a9505b142a210040b9ab07e0) Importer(815301076,1909f56bfc062723c751e8b465ee728b)  -> (artifact id: 'a22899327a99549102834effa4945b4e') in 0.027699 seconds 
========================================================================
Received Import Request.
  Time since last request: 0.000041 seconds.
  path: Assets/CosasParaProyecto/Sci-Fi Styled Modular Pack/Models/column_end.fbx
  artifactKey: Guid(ee6694aa089caf34f87e2fc948184268) Importer(815301076,1909f56bfc062723c751e8b465ee728b)
Start importing Assets/CosasParaProyecto/Sci-Fi Styled Modular Pack/Models/column_end.fbx using Guid(ee6694aa089caf34f87e2fc948184268) Importer(815301076,1909f56bfc062723c751e8b465ee728b)  -> (artifact id: '6b94e0cbd577490d16cd1e700e9b346e') in 0.036243 seconds 
========================================================================
Received Import Request.
  Time since last request: 0.000083 seconds.
  path: Assets/CosasParaProyecto/Sci-Fi Styled Modular Pack/Models/big_screen.fbx
  artifactKey: Guid(752b74f5002e02f49927d7006a3e51e8) Importer(815301076,1909f56bfc062723c751e8b465ee728b)
Start importing Assets/CosasParaProyecto/Sci-Fi Styled Modular Pack/Models/big_screen.fbx using Guid(752b74f5002e02f49927d7006a3e51e8) Importer(815301076,1909f56bfc062723c751e8b465ee728b)  -> (artifact id: '211c20dc3ab02d671b5cd45d493e0737') in 0.035507 seconds 
========================================================================
Received Import Request.
  Time since last request: 0.000043 seconds.
  path: Assets/CosasParaProyecto/Sci-Fi Styled Modular Pack/Models/decorative_half_wall_3_LOD1.fbx
  artifactKey: Guid(7cf879aac24523744a5b0aad3fea1dbf) Importer(815301076,1909f56bfc062723c751e8b465ee728b)
Start importing Assets/CosasParaProyecto/Sci-Fi Styled Modular Pack/Models/decorative_half_wall_3_LOD1.fbx using Guid(7cf879aac24523744a5b0aad3fea1dbf) Importer(815301076,1909f56bfc062723c751e8b465ee728b)  -> (artifact id: 'a0f6835121f89665ba447921f8be3d33') in 0.045196 seconds 
========================================================================
Received Import Request.
  Time since last request: 0.000025 seconds.
  path: Assets/CosasParaProyecto/Sci-Fi Styled Modular Pack/Models/art_4.fbx
  artifactKey: Guid(c03a6c397607c84439753a0506e06e04) Importer(815301076,1909f56bfc062723c751e8b465ee728b)
Start importing Assets/CosasParaProyecto/Sci-Fi Styled Modular Pack/Models/art_4.fbx using Guid(c03a6c397607c84439753a0506e06e04) Importer(815301076,1909f56bfc062723c751e8b465ee728b)  -> (artifact id: '75196bfd19360a491bb0788293ae1d53') in 0.041625 seconds 
========================================================================
Received Import Request.
  Time since last request: 0.000034 seconds.
  path: Assets/CosasParaProyecto/Sci-Fi Styled Modular Pack/Models/bulletin_board_big.fbx
  artifactKey: Guid(ef8bfa582b4ce25439555bbe6679213a) Importer(815301076,1909f56bfc062723c751e8b465ee728b)
Start importing Assets/CosasParaProyecto/Sci-Fi Styled Modular Pack/Models/bulletin_board_big.fbx using Guid(ef8bfa582b4ce25439555bbe6679213a) Importer(815301076,1909f56bfc062723c751e8b465ee728b)  -> (artifact id: '6e231cd118199b298966d481af455809') in 0.040419 seconds 
========================================================================
Received Import Request.
  Time since last request: 0.000043 seconds.
  path: Assets/CosasParaProyecto/Sci-Fi Styled Modular Pack/Models/decorative_chair_LOD0.fbx
  artifactKey: Guid(812faa734d6a8c24bb3a23792b50221f) Importer(815301076,1909f56bfc062723c751e8b465ee728b)
Start importing Assets/CosasParaProyecto/Sci-Fi Styled Modular Pack/Models/decorative_chair_LOD0.fbx using Guid(812faa734d6a8c24bb3a23792b50221f) Importer(815301076,1909f56bfc062723c751e8b465ee728b)  -> (artifact id: '7e6b30544e8d08504627771089850507') in 0.038550 seconds 
========================================================================
Received Import Request.
  Time since last request: 0.000027 seconds.
  path: Assets/CosasParaProyecto/Sci-Fi Styled Modular Pack/Models/art_6.fbx
  artifactKey: Guid(a39d814f15db1874aa26081d239b1b10) Importer(815301076,1909f56bfc062723c751e8b465ee728b)
Start importing Assets/CosasParaProyecto/Sci-Fi Styled Modular Pack/Models/art_6.fbx using Guid(a39d814f15db1874aa26081d239b1b10) Importer(815301076,1909f56bfc062723c751e8b465ee728b)  -> (artifact id: 'cd4bd7afbe3c25c27e5eee2aafd0a4d9') in 0.029547 seconds 
========================================================================
Received Import Request.
  Time since last request: 0.000039 seconds.
  path: Assets/CosasParaProyecto/Sci-Fi Styled Modular Pack/Models/decorative_chair.fbx
  artifactKey: Guid(96bdbf948202cef43b00e20aa0e32a51) Importer(815301076,1909f56bfc062723c751e8b465ee728b)
Start importing Assets/CosasParaProyecto/Sci-Fi Styled Modular Pack/Models/decorative_chair.fbx using Guid(96bdbf948202cef43b00e20aa0e32a51) Importer(815301076,1909f56bfc062723c751e8b465ee728b)  -> (artifact id: '2f41e6384eca5cb6c673a78e32357276') in 0.029319 seconds 
========================================================================
Received Import Request.
  Time since last request: 0.000033 seconds.
  path: Assets/CosasParaProyecto/Sci-Fi Styled Modular Pack/Models/decorative_chair_LOD1.fbx
  artifactKey: Guid(aba422dda12c21b4497dd186a005e8b2) Importer(815301076,1909f56bfc062723c751e8b465ee728b)
Start importing Assets/CosasParaProyecto/Sci-Fi Styled Modular Pack/Models/decorative_chair_LOD1.fbx using Guid(aba422dda12c21b4497dd186a005e8b2) Importer(815301076,1909f56bfc062723c751e8b465ee728b)  -> (artifact id: 'bc271fbac21a67752df8b13ce8209557') in 0.041330 seconds 
========================================================================
Received Import Request.
  Time since last request: 0.000038 seconds.
  path: Assets/CosasParaProyecto/Sci-Fi Styled Modular Pack/Models/console_celing.fbx
  artifactKey: Guid(a6a5e0bb41ac5234fb1d67dd58baab40) Importer(815301076,1909f56bfc062723c751e8b465ee728b)
Start importing Assets/CosasParaProyecto/Sci-Fi Styled Modular Pack/Models/console_celing.fbx using Guid(a6a5e0bb41ac5234fb1d67dd58baab40) Importer(815301076,1909f56bfc062723c751e8b465ee728b)  -> (artifact id: '3e4d71df3d2ebc8da5abaf345f808132') in 0.032100 seconds 
========================================================================
Received Import Request.
  Time since last request: 0.000036 seconds.
  path: Assets/CosasParaProyecto/Sci-Fi Styled Modular Pack/Models/blank_wall_C.fbx
  artifactKey: Guid(1f977334a78ed00469d9a6558eecaa3f) Importer(815301076,1909f56bfc062723c751e8b465ee728b)
Start importing Assets/CosasParaProyecto/Sci-Fi Styled Modular Pack/Models/blank_wall_C.fbx using Guid(1f977334a78ed00469d9a6558eecaa3f) Importer(815301076,1909f56bfc062723c751e8b465ee728b)  -> (artifact id: '13c37c9fda5f80f5a8ba525afeb1dfbe') in 0.029861 seconds 
========================================================================
Received Import Request.
  Time since last request: 0.000039 seconds.
  path: Assets/CosasParaProyecto/Sci-Fi Styled Modular Pack/Models/cabinet.fbx
  artifactKey: Guid(dd8d5ab829c8a6c48aafbfe7a869bb4b) Importer(815301076,1909f56bfc062723c751e8b465ee728b)
Start importing Assets/CosasParaProyecto/Sci-Fi Styled Modular Pack/Models/cabinet.fbx using Guid(dd8d5ab829c8a6c48aafbfe7a869bb4b) Importer(815301076,1909f56bfc062723c751e8b465ee728b)  -> (artifact id: 'e576224f79fcd4aa2de08d028639791c') in 0.041846 seconds 
========================================================================
Received Import Request.
  Time since last request: 0.000034 seconds.
  path: Assets/CosasParaProyecto/Sci-Fi Styled Modular Pack/Models/column_middle.fbx
  artifactKey: Guid(6c1e1578589b5f84c82931f52c63f41d) Importer(815301076,1909f56bfc062723c751e8b465ee728b)
Start importing Assets/CosasParaProyecto/Sci-Fi Styled Modular Pack/Models/column_middle.fbx using Guid(6c1e1578589b5f84c82931f52c63f41d) Importer(815301076,1909f56bfc062723c751e8b465ee728b)  -> (artifact id: '7fe13feb308484c5345983820fcc6e6e') in 0.035856 seconds 
========================================================================
Received Import Request.
  Time since last request: 0.000066 seconds.
  path: Assets/CosasParaProyecto/Sci-Fi Styled Modular Pack/Models/container_small.fbx
  artifactKey: Guid(13f31c8427fd865429e533cea99b63c2) Importer(815301076,1909f56bfc062723c751e8b465ee728b)
Start importing Assets/CosasParaProyecto/Sci-Fi Styled Modular Pack/Models/container_small.fbx using Guid(13f31c8427fd865429e533cea99b63c2) Importer(815301076,1909f56bfc062723c751e8b465ee728b)  -> (artifact id: '2dba656bd2ea365bf48614c753e5d613') in 0.035922 seconds 
========================================================================
Received Import Request.
  Time since last request: 0.000027 seconds.
  path: Assets/CosasParaProyecto/Sci-Fi Styled Modular Pack/Models/battery_big.fbx
  artifactKey: Guid(3968c912f8d8eb74db8c60e247cb61e7) Importer(815301076,1909f56bfc062723c751e8b465ee728b)
Start importing Assets/CosasParaProyecto/Sci-Fi Styled Modular Pack/Models/battery_big.fbx using Guid(3968c912f8d8eb74db8c60e247cb61e7) Importer(815301076,1909f56bfc062723c751e8b465ee728b)  -> (artifact id: 'd922b1624397a0b20d9c2afcf8a1a58b') in 0.030808 seconds 
========================================================================
Received Import Request.
  Time since last request: 0.000032 seconds.
  path: Assets/CosasParaProyecto/Sci-Fi Styled Modular Pack/Models/decorative_half_wall_2_LOD1.fbx
  artifactKey: Guid(763877bc2c66e6641ad695116685b5a8) Importer(815301076,1909f56bfc062723c751e8b465ee728b)
Start importing Assets/CosasParaProyecto/Sci-Fi Styled Modular Pack/Models/decorative_half_wall_2_LOD1.fbx using Guid(763877bc2c66e6641ad695116685b5a8) Importer(815301076,1909f56bfc062723c751e8b465ee728b)  -> (artifact id: '45672046f72f675c5e37af6252c0aab5') in 0.026583 seconds 
========================================================================
Received Import Request.
  Time since last request: 10.274623 seconds.
  path: Assets/CosasParaProyecto/Sci-Fi Styled Modular Pack/Models/decorative_half_wall_4_LOD0.fbx
  artifactKey: Guid(8cfadfd6f24381943ba7c84b556d77c5) Importer(815301076,1909f56bfc062723c751e8b465ee728b)
Start importing Assets/CosasParaProyecto/Sci-Fi Styled Modular Pack/Models/decorative_half_wall_4_LOD0.fbx using Guid(8cfadfd6f24381943ba7c84b556d77c5) Importer(815301076,1909f56bfc062723c751e8b465ee728b)  -> (artifact id: '8e96ae5b886cca7707120cff92c0ac76') in 0.248337 seconds 
========================================================================
Received Import Request.
  Time since last request: 0.000039 seconds.
  path: Assets/CosasParaProyecto/Sci-Fi Styled Modular Pack/Models/decorative_sofa.fbx
  artifactKey: Guid(551227f6a1fa77141aaf53cbb8173ca5) Importer(815301076,1909f56bfc062723c751e8b465ee728b)
Start importing Assets/CosasParaProyecto/Sci-Fi Styled Modular Pack/Models/decorative_sofa.fbx using Guid(551227f6a1fa77141aaf53cbb8173ca5) Importer(815301076,1909f56bfc062723c751e8b465ee728b)  -> (artifact id: '4dfd32e430f6da2ff28bc2b0291c465f') in 0.030309 seconds 
========================================================================
Received Import Request.
  Time since last request: 0.000036 seconds.
  path: Assets/CosasParaProyecto/Sci-Fi Styled Modular Pack/Models/decorative_wall_2_LOD1.fbx
  artifactKey: Guid(bd208c72ef68e624cadf7858b9e8f17d) Importer(815301076,1909f56bfc062723c751e8b465ee728b)
Start importing Assets/CosasParaProyecto/Sci-Fi Styled Modular Pack/Models/decorative_wall_2_LOD1.fbx using Guid(bd208c72ef68e624cadf7858b9e8f17d) Importer(815301076,1909f56bfc062723c751e8b465ee728b)  -> (artifact id: 'c16a4aefdabd72517baf07f87f6206d1') in 0.041120 seconds 
========================================================================
Received Import Request.
  Time since last request: 0.000037 seconds.
  path: Assets/CosasParaProyecto/Sci-Fi Styled Modular Pack/Models/decorative_wall_6.fbx
  artifactKey: Guid(0577c0ca7d5215b40b00822d5aa8dc39) Importer(815301076,1909f56bfc062723c751e8b465ee728b)
Start importing Assets/CosasParaProyecto/Sci-Fi Styled Modular Pack/Models/decorative_wall_6.fbx using Guid(0577c0ca7d5215b40b00822d5aa8dc39) Importer(815301076,1909f56bfc062723c751e8b465ee728b)  -> (artifact id: '153c435acd6089c7e7dbf2d30ac6793a') in 0.040841 seconds 
========================================================================
Received Import Request.
  Time since last request: 0.000037 seconds.
  path: Assets/CosasParaProyecto/Sci-Fi Styled Modular Pack/Models/decorative_wall_E.fbx
  artifactKey: Guid(40166e8c866e1ec4a8a5b9055666ddd8) Importer(815301076,1909f56bfc062723c751e8b465ee728b)
Start importing Assets/CosasParaProyecto/Sci-Fi Styled Modular Pack/Models/decorative_wall_E.fbx using Guid(40166e8c866e1ec4a8a5b9055666ddd8) Importer(815301076,1909f56bfc062723c751e8b465ee728b)  -> (artifact id: 'e5bdbffc66ff5702b0dd8330c3a2bd8a') in 0.039912 seconds 
========================================================================
Received Import Request.
  Time since last request: 0.000029 seconds.
  path: Assets/CosasParaProyecto/Sci-Fi Styled Modular Pack/Models/decorative_half_wall_5.fbx
  artifactKey: Guid(04ddb21bd2b21374397dab89f91a4b86) Importer(815301076,1909f56bfc062723c751e8b465ee728b)
Start importing Assets/CosasParaProyecto/Sci-Fi Styled Modular Pack/Models/decorative_half_wall_5.fbx using Guid(04ddb21bd2b21374397dab89f91a4b86) Importer(815301076,1909f56bfc062723c751e8b465ee728b)  -> (artifact id: 'c137b5c91c4b83b77acc1ee850696105') in 0.030311 seconds 
========================================================================
Received Import Request.
  Time since last request: 0.000027 seconds.
  path: Assets/CosasParaProyecto/Sci-Fi Styled Modular Pack/Models/decorative_wall_4_computer_LOD0.fbx
  artifactKey: Guid(f6910e490da85c643b2e09c71b8b5a8d) Importer(815301076,1909f56bfc062723c751e8b465ee728b)
Start importing Assets/CosasParaProyecto/Sci-Fi Styled Modular Pack/Models/decorative_wall_4_computer_LOD0.fbx using Guid(f6910e490da85c643b2e09c71b8b5a8d) Importer(815301076,1909f56bfc062723c751e8b465ee728b)  -> (artifact id: '3a77860d86ba2d3e5f9604a976fd6029') in 0.239849 seconds 
========================================================================
Received Import Request.
  Time since last request: 0.000044 seconds.
  path: Assets/CosasParaProyecto/Sci-Fi Styled Modular Pack/Models/decorative_pilow_LOD1.fbx
  artifactKey: Guid(a911bd7bc293fc8469a2680a5c3bf5fe) Importer(815301076,1909f56bfc062723c751e8b465ee728b)
Start importing Assets/CosasParaProyecto/Sci-Fi Styled Modular Pack/Models/decorative_pilow_LOD1.fbx using Guid(a911bd7bc293fc8469a2680a5c3bf5fe) Importer(815301076,1909f56bfc062723c751e8b465ee728b)  -> (artifact id: '0de3f981bbf9217bd802e41ed572a429') in 0.030762 seconds 
========================================================================
Received Import Request.
  Time since last request: 0.000040 seconds.
  path: Assets/CosasParaProyecto/Sci-Fi Styled Modular Pack/Models/decorative_table_small_glass.fbx
  artifactKey: Guid(104ded7e93806b744a1364d38f56238c) Importer(815301076,1909f56bfc062723c751e8b465ee728b)
Start importing Assets/CosasParaProyecto/Sci-Fi Styled Modular Pack/Models/decorative_table_small_glass.fbx using Guid(104ded7e93806b744a1364d38f56238c) Importer(815301076,1909f56bfc062723c751e8b465ee728b)  -> (artifact id: '35bde5e5d42fa0aeed2b18956ea55c2f') in 0.306084 seconds 
========================================================================
Received Import Request.
  Time since last request: 0.000050 seconds.
  path: Assets/CosasParaProyecto/Sci-Fi Styled Modular Pack/Models/decorative_table_glass_only_top.fbx
  artifactKey: Guid(ff8f8f75adfd48d4991367a973d14ad3) Importer(815301076,1909f56bfc062723c751e8b465ee728b)
Start importing Assets/CosasParaProyecto/Sci-Fi Styled Modular Pack/Models/decorative_table_glass_only_top.fbx using Guid(ff8f8f75adfd48d4991367a973d14ad3) Importer(815301076,1909f56bfc062723c751e8b465ee728b)  -> (artifact id: 'e4710475873205e2787e5a3fa9993f76') in 0.043118 seconds 
========================================================================
Received Import Request.
  Time since last request: 0.000057 seconds.
  path: Assets/CosasParaProyecto/Sci-Fi Styled Modular Pack/Models/decorative_wall_3_LOD0.fbx
  artifactKey: Guid(6503a922a0ea44849b460610b2ab6d83) Importer(815301076,1909f56bfc062723c751e8b465ee728b)
Start importing Assets/CosasParaProyecto/Sci-Fi Styled Modular Pack/Models/decorative_wall_3_LOD0.fbx using Guid(6503a922a0ea44849b460610b2ab6d83) Importer(815301076,1909f56bfc062723c751e8b465ee728b)  -> (artifact id: '6d4d9f0f04af0241144e315bf9be2e7a') in 0.042109 seconds 
========================================================================
Received Import Request.
  Time since last request: 0.000043 seconds.
  path: Assets/CosasParaProyecto/Sci-Fi Styled Modular Pack/Models/decorative_half_wall_6.fbx
  artifactKey: Guid(f3f3969456048c64c8a9b962c9501f49) Importer(815301076,1909f56bfc062723c751e8b465ee728b)
Start importing Assets/CosasParaProyecto/Sci-Fi Styled Modular Pack/Models/decorative_half_wall_6.fbx using Guid(f3f3969456048c64c8a9b962c9501f49) Importer(815301076,1909f56bfc062723c751e8b465ee728b)  -> (artifact id: '958615b2befd2ac1eeb1fe07799aee01') in 0.041998 seconds 
========================================================================
Received Import Request.
  Time since last request: 0.000033 seconds.
  path: Assets/CosasParaProyecto/Sci-Fi Styled Modular Pack/Models/decorative_wall_F.fbx
  artifactKey: Guid(8561b8e487bb76348be22e3801a11dc1) Importer(815301076,1909f56bfc062723c751e8b465ee728b)
Start importing Assets/CosasParaProyecto/Sci-Fi Styled Modular Pack/Models/decorative_wall_F.fbx using Guid(8561b8e487bb76348be22e3801a11dc1) Importer(815301076,1909f56bfc062723c751e8b465ee728b)  -> (artifact id: '3381b10b0cdd3511595024cf09a2d33a') in 0.041862 seconds 
========================================================================
Received Import Request.
  Time since last request: 0.000041 seconds.
  path: Assets/CosasParaProyecto/Sci-Fi Styled Modular Pack/Models/decorative_table_glass.fbx
  artifactKey: Guid(e022ff0c9dac29d48a070accea073e45) Importer(815301076,1909f56bfc062723c751e8b465ee728b)
Start importing Assets/CosasParaProyecto/Sci-Fi Styled Modular Pack/Models/decorative_table_glass.fbx using Guid(e022ff0c9dac29d48a070accea073e45) Importer(815301076,1909f56bfc062723c751e8b465ee728b)  -> (artifact id: 'f826d924f42b70eb259b6d0b39998b50') in 0.035206 seconds 
========================================================================
Received Import Request.
  Time since last request: 7.152933 seconds.
  path: Assets/CosasParaProyecto/Sci-Fi Styled Modular Pack/Prefabs
  artifactKey: Guid(a54965f822af06343a5ffdf446f11783) Importer(815301076,1909f56bfc062723c751e8b465ee728b)
Start importing Assets/CosasParaProyecto/Sci-Fi Styled Modular Pack/Prefabs using Guid(a54965f822af06343a5ffdf446f11783) Importer(815301076,1909f56bfc062723c751e8b465ee728b)  -> (artifact id: '422476d79bfd48dabfc5fd86be6ac3c8') in 0.013106 seconds 
========================================================================
Received Import Request.
  Time since last request: 1.121071 seconds.
  path: Assets/CosasParaProyecto/Sci-Fi Styled Modular Pack/Prefabs/Doors
  artifactKey: Guid(692fa680fe17e634b8013fab03acfba8) Importer(815301076,1909f56bfc062723c751e8b465ee728b)
Start importing Assets/CosasParaProyecto/Sci-Fi Styled Modular Pack/Prefabs/Doors using Guid(692fa680fe17e634b8013fab03acfba8) Importer(815301076,1909f56bfc062723c751e8b465ee728b)  -> (artifact id: '93c495efb5efe920e67ad60143294c15') in 0.013444 seconds 
========================================================================
Received Import Request.
  Time since last request: 0.043717 seconds.
  path: Assets/CosasParaProyecto/Sci-Fi Styled Modular Pack/Prefabs/Doors/door_1.prefab
  artifactKey: Guid(ea798cfb4939d4441b95d1bd39d0767f) Importer(815301076,1909f56bfc062723c751e8b465ee728b)
Start importing Assets/CosasParaProyecto/Sci-Fi Styled Modular Pack/Prefabs/Doors/door_1.prefab using Guid(ea798cfb4939d4441b95d1bd39d0767f) Importer(815301076,1909f56bfc062723c751e8b465ee728b)  -> (artifact id: 'a8d1c51f1c0758caf82823bc47766703') in 0.239806 seconds 
========================================================================
Received Import Request.
  Time since last request: 0.000037 seconds.
  path: Assets/CosasParaProyecto/Sci-Fi Styled Modular Pack/Prefabs/Doors/glass_panel_1_with_door.prefab
  artifactKey: Guid(ac7a01ca06ca9044eb15b32cb7a936f8) Importer(815301076,1909f56bfc062723c751e8b465ee728b)
Start importing Assets/CosasParaProyecto/Sci-Fi Styled Modular Pack/Prefabs/Doors/glass_panel_1_with_door.prefab using Guid(ac7a01ca06ca9044eb15b32cb7a936f8) Importer(815301076,1909f56bfc062723c751e8b465ee728b)  -> (artifact id: '5e097a312841a6cd0c79960cb9a25ddb') in 0.365442 seconds 
========================================================================
Received Import Request.
  Time since last request: 3.403870 seconds.
  path: Assets/CosasParaProyecto/Sci-Fi Styled Modular Pack/Prefabs/Joints
  artifactKey: Guid(91631326900d7ec47b43c88b501ce361) Importer(815301076,1909f56bfc062723c751e8b465ee728b)
Start importing Assets/CosasParaProyecto/Sci-Fi Styled Modular Pack/Prefabs/Joints using Guid(91631326900d7ec47b43c88b501ce361) Importer(815301076,1909f56bfc062723c751e8b465ee728b)  -> (artifact id: '59d2076099d9149b3783cdd366aa8425') in 0.014144 seconds 
========================================================================
Received Import Request.
  Time since last request: 0.058210 seconds.
  path: Assets/CosasParaProyecto/Sci-Fi Styled Modular Pack/Prefabs/Joints/Joint_T_6.prefab
  artifactKey: Guid(825145a142d78c74b8962c930ad0d269) Importer(815301076,1909f56bfc062723c751e8b465ee728b)
Start importing Assets/CosasParaProyecto/Sci-Fi Styled Modular Pack/Prefabs/Joints/Joint_T_6.prefab using Guid(825145a142d78c74b8962c930ad0d269) Importer(815301076,1909f56bfc062723c751e8b465ee728b)  -> (artifact id: 'af9f0ecd4808ddb37de52374f2307867') in 0.131168 seconds 
========================================================================
Received Import Request.
  Time since last request: 188.781377 seconds.
  path: Assets/Scenes/lvl1_proyecto.unity
  artifactKey: Guid(add6167f9c4b6db47bad088b01b0dac3) Importer(815301076,1909f56bfc062723c751e8b465ee728b)
Start importing Assets/Scenes/lvl1_proyecto.unity using Guid(add6167f9c4b6db47bad088b01b0dac3) Importer(815301076,1909f56bfc062723c751e8b465ee728b)  -> (artifact id: '69de30720581f7383da6410ba4440952') in 0.013916 seconds 
========================================================================
Received Import Request.
  Time since last request: 15.177004 seconds.
  path: Assets/Scenes/lvl1_prueba.unity
  artifactKey: Guid(e8cf1d29775c7e24f9dd35148a6437c0) Importer(815301076,1909f56bfc062723c751e8b465ee728b)
Start importing Assets/Scenes/lvl1_prueba.unity using Guid(e8cf1d29775c7e24f9dd35148a6437c0) Importer(815301076,1909f56bfc062723c751e8b465ee728b)  -> (artifact id: 'f2e6432f6ec04ab4233b779f2569f08d') in 0.013287 seconds 
========================================================================
Received Import Request.
  Time since last request: 7.287720 seconds.
  path: Assets/Scenes/escena de prueba.unity
  artifactKey: Guid(9fc0d4010bbf28b4594072e72b8655ab) Importer(815301076,1909f56bfc062723c751e8b465ee728b)
Start importing Assets/Scenes/escena de prueba.unity using Guid(9fc0d4010bbf28b4594072e72b8655ab) Importer(815301076,1909f56bfc062723c751e8b465ee728b)  -> (artifact id: 'a0baf49c70cb24f8ee7499b55104edbe') in 0.013603 seconds 
========================================================================
Received Import Request.
  Time since last request: 7.267347 seconds.
  path: Assets/Scenes/lvl1_proyecto.unity
  artifactKey: Guid(add6167f9c4b6db47bad088b01b0dac3) Importer(815301076,1909f56bfc062723c751e8b465ee728b)
Start importing Assets/Scenes/lvl1_proyecto.unity using Guid(add6167f9c4b6db47bad088b01b0dac3) Importer(815301076,1909f56bfc062723c751e8b465ee728b)  -> (artifact id: '1741ec15dbc7f8091f84f9c07deb5d25') in 0.013643 seconds 
========================================================================
Received Import Request.
  Time since last request: 112.195318 seconds.
  path: Assets/CosasParaProyecto/Sci-Fi Styled Modular Pack/Models/Materials/base color.mat
  artifactKey: Guid(1cf3cfed14637cd42a0ad3f801ebdb71) Importer(815301076,1909f56bfc062723c751e8b465ee728b)
Start importing Assets/CosasParaProyecto/Sci-Fi Styled Modular Pack/Models/Materials/base color.mat using Guid(1cf3cfed14637cd42a0ad3f801ebdb71) Importer(815301076,1909f56bfc062723c751e8b465ee728b)  -> (artifact id: 'dc57ca6f3bfe6d9d2abe1b776ca4e498') in 0.044128 seconds 
========================================================================
Received Import Request.
  Time since last request: 0.000036 seconds.
  path: Assets/CosasParaProyecto/Sci-Fi Styled Modular Pack/Materials/projector_warning.mat
  artifactKey: Guid(51d587eafcd13384bafd060c5bc7cb82) Importer(815301076,1909f56bfc062723c751e8b465ee728b)
Start importing Assets/CosasParaProyecto/Sci-Fi Styled Modular Pack/Materials/projector_warning.mat using Guid(51d587eafcd13384bafd060c5bc7cb82) Importer(815301076,1909f56bfc062723c751e8b465ee728b)  -> (artifact id: '9eee4af93698f76d1b2e732a1ffe6fc5') in 0.029180 seconds 
========================================================================
Received Import Request.
  Time since last request: 0.000044 seconds.
  path: Assets/CosasParaProyecto/Sci-Fi Styled Modular Pack/Materials/hologram_particle.mat
  artifactKey: Guid(d37e8378fe566f84a8b75b0083ec4838) Importer(815301076,1909f56bfc062723c751e8b465ee728b)
Start importing Assets/CosasParaProyecto/Sci-Fi Styled Modular Pack/Materials/hologram_particle.mat using Guid(d37e8378fe566f84a8b75b0083ec4838) Importer(815301076,1909f56bfc062723c751e8b465ee728b)  -> (artifact id: 'd924229f0f8c6dcdb98df1797312825e') in 0.082687 seconds 
========================================================================
Received Import Request.
  Time since last request: 0.000054 seconds.
  path: Assets/CosasParaProyecto/Sci-Fi Styled Modular Pack/Example scenes/Materials/Sand.mat
  artifactKey: Guid(d7ecd8db85bf61440b7ca5d302afd010) Importer(815301076,1909f56bfc062723c751e8b465ee728b)
Start importing Assets/CosasParaProyecto/Sci-Fi Styled Modular Pack/Example scenes/Materials/Sand.mat using Guid(d7ecd8db85bf61440b7ca5d302afd010) Importer(815301076,1909f56bfc062723c751e8b465ee728b)  -> (artifact id: 'e0e15ba07a60d4e8453a341b281caafd') in 0.030960 seconds 
========================================================================
Received Import Request.
  Time since last request: 0.000056 seconds.
  path: Assets/CosasParaProyecto/Sci-Fi Styled Modular Pack/Example scenes/Materials/Snow.mat
  artifactKey: Guid(d6ca041d3b582d94a8f2ad86f4b1e304) Importer(815301076,1909f56bfc062723c751e8b465ee728b)
Start importing Assets/CosasParaProyecto/Sci-Fi Styled Modular Pack/Example scenes/Materials/Snow.mat using Guid(d6ca041d3b582d94a8f2ad86f4b1e304) Importer(815301076,1909f56bfc062723c751e8b465ee728b)  -> (artifact id: 'fe8a5907f87a190a1ba1cc5a0cbbd8b5') in 0.053704 seconds 
========================================================================
Received Import Request.
  Time since last request: 0.000046 seconds.
  path: Assets/CosasParaProyecto/Sci-Fi Styled Modular Pack/Materials/white emision.mat
  artifactKey: Guid(6b6dfd77776c54a4781ec8cab4d87860) Importer(815301076,1909f56bfc062723c751e8b465ee728b)
Start importing Assets/CosasParaProyecto/Sci-Fi Styled Modular Pack/Materials/white emision.mat using Guid(6b6dfd77776c54a4781ec8cab4d87860) Importer(815301076,1909f56bfc062723c751e8b465ee728b)  -> (artifact id: 'dffaa45905bc9de743d66dd1f24da401') in 0.036969 seconds 
========================================================================
Received Import Request.
  Time since last request: 0.000052 seconds.
  path: Assets/CosasParaProyecto/Sci-Fi Styled Modular Pack/Materials/hologram.mat
  artifactKey: Guid(e305453a48fa58446882f6671dfa0d58) Importer(815301076,1909f56bfc062723c751e8b465ee728b)
Start importing Assets/CosasParaProyecto/Sci-Fi Styled Modular Pack/Materials/hologram.mat using Guid(e305453a48fa58446882f6671dfa0d58) Importer(815301076,1909f56bfc062723c751e8b465ee728b)  -> (artifact id: '0c779968216cdd7408f0cebe6c7c2941') in 0.048302 seconds 
========================================================================
Received Import Request.
  Time since last request: 0.000035 seconds.
  path: Assets/CosasParaProyecto/Sci-Fi Styled Modular Pack/Materials/Palletes/iron man color.mat
  artifactKey: Guid(66fe1a0e0becc6f4bbc49896f2111756) Importer(815301076,1909f56bfc062723c751e8b465ee728b)
Start importing Assets/CosasParaProyecto/Sci-Fi Styled Modular Pack/Materials/Palletes/iron man color.mat using Guid(66fe1a0e0becc6f4bbc49896f2111756) Importer(815301076,1909f56bfc062723c751e8b465ee728b)  -> (artifact id: '07e20d136a1645f2983da570d0b8a7b9') in 0.102733 seconds 
========================================================================
Received Import Request.
  Time since last request: 0.000034 seconds.
  path: Assets/CosasParaProyecto/Sci-Fi Styled Modular Pack/Materials/blue emission.mat
  artifactKey: Guid(5476ae29e2e50194abce19e5cacce575) Importer(815301076,1909f56bfc062723c751e8b465ee728b)
Start importing Assets/CosasParaProyecto/Sci-Fi Styled Modular Pack/Materials/blue emission.mat using Guid(5476ae29e2e50194abce19e5cacce575) Importer(815301076,1909f56bfc062723c751e8b465ee728b)  -> (artifact id: 'f04c9a681973436d16fb1456301d6eda') in 0.030516 seconds 
========================================================================
Received Import Request.
  Time since last request: 0.000063 seconds.
  path: Assets/CosasParaProyecto/Sci-Fi Styled Modular Pack/Materials/comuter_wall.mat
  artifactKey: Guid(0d0f1f087865a1c47826008280428fdf) Importer(815301076,1909f56bfc062723c751e8b465ee728b)
Start importing Assets/CosasParaProyecto/Sci-Fi Styled Modular Pack/Materials/comuter_wall.mat using Guid(0d0f1f087865a1c47826008280428fdf) Importer(815301076,1909f56bfc062723c751e8b465ee728b)  -> (artifact id: 'b9643cd7a49c118911b2635bdf5ef401') in 0.054716 seconds 
========================================================================
Received Import Request.
  Time since last request: 0.000056 seconds.
  path: Assets/CosasParaProyecto/Sci-Fi Styled Modular Pack/Materials/nature_bush.mat
  artifactKey: Guid(4256c7f593c13f84bbd6e74b481a6ec4) Importer(815301076,1909f56bfc062723c751e8b465ee728b)
Start importing Assets/CosasParaProyecto/Sci-Fi Styled Modular Pack/Materials/nature_bush.mat using Guid(4256c7f593c13f84bbd6e74b481a6ec4) Importer(815301076,1909f56bfc062723c751e8b465ee728b)  -> (artifact id: '91f648a212f148eeb1250830ccb2ede6') in 0.160369 seconds 
========================================================================
Received Import Request.
  Time since last request: 0.000074 seconds.
  path: Assets/CosasParaProyecto/Sci-Fi Styled Modular Pack/Materials/lattice.mat
  artifactKey: Guid(0f4853191d321d748b1f95a97d7b37f4) Importer(815301076,1909f56bfc062723c751e8b465ee728b)
Start importing Assets/CosasParaProyecto/Sci-Fi Styled Modular Pack/Materials/lattice.mat using Guid(0f4853191d321d748b1f95a97d7b37f4) Importer(815301076,1909f56bfc062723c751e8b465ee728b)  -> (artifact id: 'd3c82970735632e667d400f1b32b18c0') in 0.066554 seconds 
========================================================================
Received Import Request.
  Time since last request: 0.000050 seconds.
  path: Assets/CosasParaProyecto/Sci-Fi Styled Modular Pack/Materials/screen.mat
  artifactKey: Guid(bf1464b84bb76b44abb088d5a41acfee) Importer(815301076,1909f56bfc062723c751e8b465ee728b)
Start importing Assets/CosasParaProyecto/Sci-Fi Styled Modular Pack/Materials/screen.mat using Guid(bf1464b84bb76b44abb088d5a41acfee) Importer(815301076,1909f56bfc062723c751e8b465ee728b)  -> (artifact id: 'b00dfb6cd35e7f32148d29895dcbab0b') in 0.020920 seconds 
========================================================================
Received Import Request.
  Time since last request: 0.000053 seconds.
  path: Assets/CosasParaProyecto/Sci-Fi Styled Modular Pack/Materials/nature_root.mat
  artifactKey: Guid(00fc27719fc29924b9a34aab914dc83a) Importer(815301076,1909f56bfc062723c751e8b465ee728b)
Start importing Assets/CosasParaProyecto/Sci-Fi Styled Modular Pack/Materials/nature_root.mat using Guid(00fc27719fc29924b9a34aab914dc83a) Importer(815301076,1909f56bfc062723c751e8b465ee728b)  -> (artifact id: '79bfc256c41581c042b27f41ddff543f') in 0.020311 seconds 
========================================================================
Received Import Request.
  Time since last request: 0.000029 seconds.
  path: Assets/CosasParaProyecto/Sci-Fi Styled Modular Pack/Models/Materials/No Name.mat
  artifactKey: Guid(7a58152a38aedc0499250c326bba4d63) Importer(815301076,1909f56bfc062723c751e8b465ee728b)
Start importing Assets/CosasParaProyecto/Sci-Fi Styled Modular Pack/Models/Materials/No Name.mat using Guid(7a58152a38aedc0499250c326bba4d63) Importer(815301076,1909f56bfc062723c751e8b465ee728b)  -> (artifact id: '4a9727f674e9f39b7ba2c4092074fbf3') in 0.041090 seconds 
========================================================================
Received Import Request.
  Time since last request: 0.000043 seconds.
  path: Assets/CosasParaProyecto/Sci-Fi Styled Modular Pack/Materials/lattice floor.mat
  artifactKey: Guid(62dcf96e239eb0d4db44cbe622abf152) Importer(815301076,1909f56bfc062723c751e8b465ee728b)
Start importing Assets/CosasParaProyecto/Sci-Fi Styled Modular Pack/Materials/lattice floor.mat using Guid(62dcf96e239eb0d4db44cbe622abf152) Importer(815301076,1909f56bfc062723c751e8b465ee728b)  -> (artifact id: 'cb996a3299ad1cf8ccecb8dbea86fd44') in 0.025515 seconds 
========================================================================
Received Import Request.
  Time since last request: 211.354077 seconds.
  path: Assets/Skyboxes
  artifactKey: Guid(3ea65c270b98f4b45a9029f630704fc9) Importer(815301076,1909f56bfc062723c751e8b465ee728b)
Start importing Assets/Skyboxes using Guid(3ea65c270b98f4b45a9029f630704fc9) Importer(815301076,1909f56bfc062723c751e8b465ee728b)  -> (artifact id: 'a652f4df7c7ae75f18f8fb35739d81b1') in 0.014460 seconds 
========================================================================
Received Import Request.
  Time since last request: 276.502387 seconds.
  path: Assets/SkySeries Freebie
  artifactKey: Guid(fe3d623ea3825d34f8472d9bd1c756f8) Importer(815301076,1909f56bfc062723c751e8b465ee728b)
Start importing Assets/SkySeries Freebie using Guid(fe3d623ea3825d34f8472d9bd1c756f8) Importer(815301076,1909f56bfc062723c751e8b465ee728b)  -> (artifact id: 'adb8109c226ac759fe485f85c2fac3d5') in 0.015117 seconds 
========================================================================
Received Import Request.
  Time since last request: 0.000050 seconds.
  path: Assets/SkySeries Freebie/CosmicCoolCloud_Eq.mat
  artifactKey: Guid(369b9ebe3a62b904dbc19bd332b44086) Importer(815301076,1909f56bfc062723c751e8b465ee728b)
Start importing Assets/SkySeries Freebie/CosmicCoolCloud_Eq.mat using Guid(369b9ebe3a62b904dbc19bd332b44086) Importer(815301076,1909f56bfc062723c751e8b465ee728b)  -> (artifact id: 'c2d8d61c8dcdf1aa07d4b33bc4956e58') in 0.066657 seconds 
========================================================================
Received Import Request.
  Time since last request: 163.047033 seconds.
  path: Assets/SkySeries Freebie/FreebieHdri/CosmicCoolCloudFront.hdr
  artifactKey: Guid(d822c5eff7d42f04691027bc8c2b0716) Importer(815301076,1909f56bfc062723c751e8b465ee728b)
Start importing Assets/SkySeries Freebie/FreebieHdri/CosmicCoolCloudFront.hdr using Guid(d822c5eff7d42f04691027bc8c2b0716) Importer(815301076,1909f56bfc062723c751e8b465ee728b)  -> (artifact id: '566538f2261f564952c9669011c92828') in 0.211854 seconds 
========================================================================
Received Import Request.
  Time since last request: 0.000045 seconds.
  path: Assets/SkySeries Freebie/FreebieHdri/CosmicCoolCloudRight.hdr
  artifactKey: Guid(438e868ac8cccca4e81873838a67c003) Importer(815301076,1909f56bfc062723c751e8b465ee728b)
Start importing Assets/SkySeries Freebie/FreebieHdri/CosmicCoolCloudRight.hdr using Guid(438e868ac8cccca4e81873838a67c003) Importer(815301076,1909f56bfc062723c751e8b465ee728b)  -> (artifact id: '71f8890ee0bb305d5ad34b53acc7ba97') in 0.093918 seconds 
========================================================================
Received Import Request.
  Time since last request: 0.000056 seconds.
  path: Assets/SkySeries Freebie/FreebieHdri/CosmicCoolCloudBottom.hdr
  artifactKey: Guid(94b877781ad034640abce933599b6f2e) Importer(815301076,1909f56bfc062723c751e8b465ee728b)
Start importing Assets/SkySeries Freebie/FreebieHdri/CosmicCoolCloudBottom.hdr using Guid(94b877781ad034640abce933599b6f2e) Importer(815301076,1909f56bfc062723c751e8b465ee728b)  -> (artifact id: 'a1ba8029897428d961419bf9edc31211') in 0.101209 seconds 
========================================================================
Received Import Request.
  Time since last request: 1.190504 seconds.
  path: Assets/SkySeries Freebie/FreebieHdri/CosmicCoolCloudEQ_hdr.exr
  artifactKey: Guid(09999639e73bcd64abda22253af612d8) Importer(815301076,1909f56bfc062723c751e8b465ee728b)
Start importing Assets/SkySeries Freebie/FreebieHdri/CosmicCoolCloudEQ_hdr.exr using Guid(09999639e73bcd64abda22253af612d8) Importer(815301076,1909f56bfc062723c751e8b465ee728b)  -> (artifact id: '276ed7615dcddcab2d70ef128bac081d') in 3.576446 seconds 
========================================================================
Received Prepare
Registering precompiled user dll's ...
Registered in 0.010228 seconds.
Begin MonoManager ReloadAssembly
Symbol file LoadedFromMemory doesn't match image D:\juegos unity\Primer_juegoUnity-\laberintos y puzzles\Library\PackageCache\com.unity.visualscripting@1.7.8\Editor\VisualScripting.Core\Dependencies\YamlDotNet\Unity.VisualScripting.YamlDotNet.dll
Symbol file LoadedFromMemory doesn't match image D:\juegos unity\Primer_juegoUnity-\laberintos y puzzles\Library\PackageCache\com.unity.visualscripting@1.7.8\Editor\VisualScripting.Core\Dependencies\DotNetZip\Unity.VisualScripting.IonicZip.dll
Native extension for WindowsStandalone target not found
Native extension for Android target not found
Refreshing native plugins compatible for Editor in 1.78 ms, found 4 plugins.
Preloading 0 native plugins for Editor in 0.00 ms.
[ScriptCompilation] NOT recompiling all scripts because this is an import worker process. Reason to compile was: Define symbols changed
Mono: successfully reloaded assembly
- Completed reload, in  1.739 seconds
Domain Reload Profiling:
	ReloadAssembly (1740ms)
		BeginReloadAssembly (207ms)
			ExecutionOrderSort (0ms)
			DisableScriptedObjects (6ms)
			BackupInstance (0ms)
			ReleaseScriptingObjects (0ms)
			CreateAndSetChildDomain (64ms)
		EndReloadAssembly (1386ms)
			LoadAssemblies (143ms)
			RebuildTransferFunctionScriptingTraits (0ms)
			SetupTypeCache (394ms)
			ReleaseScriptCaches (3ms)
			RebuildScriptCaches (66ms)
			SetupLoadedEditorAssemblies (680ms)
				LogAssemblyErrors (0ms)
				InitializePlatformSupportModulesInManaged (32ms)
				SetLoadedEditorAssemblies (1ms)
				RefreshPlugins (2ms)
				BeforeProcessingInitializeOnLoad (98ms)
				ProcessInitializeOnLoadAttributes (496ms)
				ProcessInitializeOnLoadMethodAttributes (38ms)
				AfterProcessingInitializeOnLoad (13ms)
				EditorAssembliesLoaded (0ms)
			ExecutionOrderSort2 (0ms)
			AwakeInstancesAfterBackupRestoration (8ms)
Platform modules already initialized, skipping
Refreshing native plugins compatible for Editor in 72.34 ms, found 4 plugins.
Preloading 0 native plugins for Editor in 0.00 ms.
Unloading 4167 Unused Serialized files (Serialized files now loaded: 0)
Unloading 70 unused Assets / (3.7 MB). Loaded Objects now: 4669.
Memory consumption went from 159.3 MB to 155.7 MB.
Total: 84.786000 ms (FindLiveObjects: 0.433500 ms CreateObjectMapping: 0.135100 ms MarkObjects: 82.662900 ms  DeleteObjects: 1.552900 ms)

AssetImportParameters requested are different than current active one (requested -> active):
  custom:video-decoder-ogg-theora: a1e56fd34408186e4bbccfd4996cb3dc -> 
  custom:container-muxer-webm: aa71ff27fc2769a1b78a27578f13a17b -> 
  custom:container-demuxer-webm: 4f35f7cbe854078d1ac9338744f61a02 -> 
  custom:video-encoder-webm-vp8: eb34c28f22e8b96e1ab97ce403110664 -> 
  custom:video-codec-MediaFoundation-h265: 746d11721c4dcdbdad8f713fa42b33f4 -> 
  custom:audio-encoder-webm-vorbis: bf7c407c2cedff20999df2af8eb42d56 -> 
  custom:framework-win-MediaFoundation: 216162199b28c13a410421893ffa2e32 -> 
  custom:container-demuxer-ogg: 62fdf1f143b41e24485cea50d1cbac27 -> 
  custom:video-decoder-webm-vp8: 9c59270c3fd7afecdb556c50c9e8de78 -> 
  custom:audio-decoder-ogg-vorbis: bf7c407c2cedff20999df2af8eb42d56 -> 
========================================================================
Received Prepare
Registering precompiled user dll's ...
Registered in 0.207814 seconds.
Begin MonoManager ReloadAssembly
Symbol file LoadedFromMemory doesn't match image D:\juegos unity\Primer_juegoUnity-\laberintos y puzzles\Library\PackageCache\com.unity.visualscripting@1.7.8\Editor\VisualScripting.Core\Dependencies\YamlDotNet\Unity.VisualScripting.YamlDotNet.dll
Symbol file LoadedFromMemory doesn't match image D:\juegos unity\Primer_juegoUnity-\laberintos y puzzles\Library\PackageCache\com.unity.visualscripting@1.7.8\Editor\VisualScripting.Core\Dependencies\DotNetZip\Unity.VisualScripting.IonicZip.dll
Native extension for WindowsStandalone target not found
Native extension for Android target not found
Refreshing native plugins compatible for Editor in 1.28 ms, found 4 plugins.
Preloading 0 native plugins for Editor in 0.00 ms.
[ScriptCompilation] NOT recompiling all scripts because this is an import worker process. Reason to compile was: Define symbols changed
Mono: successfully reloaded assembly
- Completed reload, in  3.212 seconds
Domain Reload Profiling:
	ReloadAssembly (3213ms)
		BeginReloadAssembly (262ms)
			ExecutionOrderSort (0ms)
			DisableScriptedObjects (7ms)
			BackupInstance (0ms)
			ReleaseScriptingObjects (0ms)
			CreateAndSetChildDomain (56ms)
		EndReloadAssembly (2718ms)
			LoadAssemblies (1369ms)
			RebuildTransferFunctionScriptingTraits (0ms)
			SetupTypeCache (417ms)
			ReleaseScriptCaches (2ms)
			RebuildScriptCaches (84ms)
			SetupLoadedEditorAssemblies (831ms)
				LogAssemblyErrors (0ms)
				InitializePlatformSupportModulesInManaged (33ms)
				SetLoadedEditorAssemblies (2ms)
				RefreshPlugins (1ms)
				BeforeProcessingInitializeOnLoad (97ms)
				ProcessInitializeOnLoadAttributes (646ms)
				ProcessInitializeOnLoadMethodAttributes (40ms)
				AfterProcessingInitializeOnLoad (12ms)
				EditorAssembliesLoaded (0ms)
			ExecutionOrderSort2 (0ms)
			AwakeInstancesAfterBackupRestoration (7ms)
Platform modules already initialized, skipping
Refreshing native plugins compatible for Editor in 3.89 ms, found 4 plugins.
Preloading 0 native plugins for Editor in 0.00 ms.
Unloading 4169 Unused Serialized files (Serialized files now loaded: 0)
Unloading 70 unused Assets / (3.7 MB). Loaded Objects now: 4686.
Memory consumption went from 159.4 MB to 155.7 MB.
Total: 6.191600 ms (FindLiveObjects: 0.452000 ms CreateObjectMapping: 0.149300 ms MarkObjects: 4.203100 ms  DeleteObjects: 1.385700 ms)

AssetImportParameters requested are different than current active one (requested -> active):
  custom:video-decoder-ogg-theora: a1e56fd34408186e4bbccfd4996cb3dc -> 
  custom:container-muxer-webm: aa71ff27fc2769a1b78a27578f13a17b -> 
  custom:container-demuxer-webm: 4f35f7cbe854078d1ac9338744f61a02 -> 
  custom:video-encoder-webm-vp8: eb34c28f22e8b96e1ab97ce403110664 -> 
  custom:video-codec-MediaFoundation-h265: 746d11721c4dcdbdad8f713fa42b33f4 -> 
  custom:audio-encoder-webm-vorbis: bf7c407c2cedff20999df2af8eb42d56 -> 
  custom:framework-win-MediaFoundation: 216162199b28c13a410421893ffa2e32 -> 
  custom:container-demuxer-ogg: 62fdf1f143b41e24485cea50d1cbac27 -> 
  custom:video-decoder-webm-vp8: 9c59270c3fd7afecdb556c50c9e8de78 -> 
  custom:audio-decoder-ogg-vorbis: bf7c407c2cedff20999df2af8eb42d56 -> 
========================================================================
Received Import Request.
  Time since last request: 1005.452013 seconds.
  path: Assets/CosasParaProyecto/Jammo-Character/Scenes/JammoScene.unity
  artifactKey: Guid(0c64df8f723696046b04f7dc889151b4) Importer(815301076,1909f56bfc062723c751e8b465ee728b)
Start importing Assets/CosasParaProyecto/Jammo-Character/Scenes/JammoScene.unity using Guid(0c64df8f723696046b04f7dc889151b4) Importer(815301076,1909f56bfc062723c751e8b465ee728b)  -> (artifact id: '6b8b48dd6764b3e4ce167ef43c719fe6') in 0.036250 seconds 
========================================================================
Received Import Request.
  Time since last request: 87.718872 seconds.
  path: Assets/Scenes/lvl1_pruebaSettings.lighting
  artifactKey: Guid(28681b2aae151db489cbfd9aa2e16ee7) Importer(815301076,1909f56bfc062723c751e8b465ee728b)
Start importing Assets/Scenes/lvl1_pruebaSettings.lighting using Guid(28681b2aae151db489cbfd9aa2e16ee7) Importer(815301076,1909f56bfc062723c751e8b465ee728b) LightingSettings: switching bake backend from 1 to 0.
 -> (artifact id: '61b736eee061fcd082b9ce9109c0f14c') in 0.030011 seconds 
========================================================================
Received Import Request.
  Time since last request: 1.840138 seconds.
  path: Assets/Scenes/lvl1_prueba.unity
  artifactKey: Guid(e8cf1d29775c7e24f9dd35148a6437c0) Importer(815301076,1909f56bfc062723c751e8b465ee728b)
Start importing Assets/Scenes/lvl1_prueba.unity using Guid(e8cf1d29775c7e24f9dd35148a6437c0) Importer(815301076,1909f56bfc062723c751e8b465ee728b)  -> (artifact id: '1714a6f93046cb7291a786369151aa61') in 0.119435 seconds 
========================================================================
Received Import Request.
  Time since last request: 17.330777 seconds.
  path: Assets/CosasParaProyecto/Jammo-Character
  artifactKey: Guid(7f3d4b5fad49a9942b3827d53627b94d) Importer(815301076,1909f56bfc062723c751e8b465ee728b)
Start importing Assets/CosasParaProyecto/Jammo-Character using Guid(7f3d4b5fad49a9942b3827d53627b94d) Importer(815301076,1909f56bfc062723c751e8b465ee728b)  -> (artifact id: '7745cbf2e4e6e6fc601ac6280ec41449') in 0.015076 seconds 
========================================================================
Received Import Request.
  Time since last request: 3.033853 seconds.
  path: Assets/CosasParaProyecto/Jammo-Character/Models
  artifactKey: Guid(9a9668dd0126a234db37aeb2e80695fa) Importer(815301076,1909f56bfc062723c751e8b465ee728b)
Start importing Assets/CosasParaProyecto/Jammo-Character/Models using Guid(9a9668dd0126a234db37aeb2e80695fa) Importer(815301076,1909f56bfc062723c751e8b465ee728b)  -> (artifact id: '3f1822d4010890689582a896236675f0') in 0.109445 seconds 
========================================================================
Received Import Request.
  Time since last request: 31.942709 seconds.
  path: Assets/CosasParaProyecto/Jammo-Character/Scripts
  artifactKey: Guid(42e09110c681a2f4098bd04db06a8ad3) Importer(815301076,1909f56bfc062723c751e8b465ee728b)
Start importing Assets/CosasParaProyecto/Jammo-Character/Scripts using Guid(42e09110c681a2f4098bd04db06a8ad3) Importer(815301076,1909f56bfc062723c751e8b465ee728b)  -> (artifact id: 'e5dce79a19476493b84f697b9c9ffe9d') in 0.016022 seconds 
========================================================================
Received Import Request.
  Time since last request: 18.267444 seconds.
  path: Assets/CosasParaProyecto/Jammo-Character/Scripts/CharacterSkinController.cs
  artifactKey: Guid(bbb6cae19ece4b848b976432ca8b3cfb) Importer(815301076,1909f56bfc062723c751e8b465ee728b)
Start importing Assets/CosasParaProyecto/Jammo-Character/Scripts/CharacterSkinController.cs using Guid(bbb6cae19ece4b848b976432ca8b3cfb) Importer(815301076,1909f56bfc062723c751e8b465ee728b)  -> (artifact id: '52f2723018a9424c26404b4f4c19de84') in 0.018156 seconds 
========================================================================
Received Import Request.
  Time since last request: 1.982608 seconds.
  path: Assets/CosasParaProyecto/Jammo-Character/Scripts/MovementInput.cs
  artifactKey: Guid(caa9f165e2b4f1a4f9522501717c095d) Importer(815301076,1909f56bfc062723c751e8b465ee728b)
Start importing Assets/CosasParaProyecto/Jammo-Character/Scripts/MovementInput.cs using Guid(caa9f165e2b4f1a4f9522501717c095d) Importer(815301076,1909f56bfc062723c751e8b465ee728b)  -> (artifact id: 'a33e4d745fbeb7375bd73127bfcf173b') in 0.014528 seconds 
========================================================================
Received Import Request.
  Time since last request: 90.684278 seconds.
  path: Assets/Scenes/lvl1_prueba.unity
  artifactKey: Guid(e8cf1d29775c7e24f9dd35148a6437c0) Importer(815301076,1909f56bfc062723c751e8b465ee728b)
Start importing Assets/Scenes/lvl1_prueba.unity using Guid(e8cf1d29775c7e24f9dd35148a6437c0) Importer(815301076,1909f56bfc062723c751e8b465ee728b)  -> (artifact id: '9281c7e8c3d5cdd37a35aaf7751decbc') in 0.004021 seconds 
========================================================================
Received Import Request.
  Time since last request: 21.369761 seconds.
  path: Assets/Scenes/escena de prueba.unity
  artifactKey: Guid(9fc0d4010bbf28b4594072e72b8655ab) Importer(815301076,1909f56bfc062723c751e8b465ee728b)
Start importing Assets/Scenes/escena de prueba.unity using Guid(9fc0d4010bbf28b4594072e72b8655ab) Importer(815301076,1909f56bfc062723c751e8b465ee728b)  -> (artifact id: 'ce2e69a1b0816b7bf97efe3da3d6d678') in 0.011975 seconds 
========================================================================
Received Import Request.
  Time since last request: 4.610966 seconds.
  path: Assets/Scenes/lvl1_prueba.unity
  artifactKey: Guid(e8cf1d29775c7e24f9dd35148a6437c0) Importer(815301076,1909f56bfc062723c751e8b465ee728b)
Start importing Assets/Scenes/lvl1_prueba.unity using Guid(e8cf1d29775c7e24f9dd35148a6437c0) Importer(815301076,1909f56bfc062723c751e8b465ee728b)  -> (artifact id: 'df86c83274e2723ea8f298e0b32a8003') in 0.004821 seconds 
========================================================================
Received Prepare
Registering precompiled user dll's ...
Registered in 0.009926 seconds.
Begin MonoManager ReloadAssembly
Symbol file LoadedFromMemory doesn't match image D:\juegos unity\Primer_juegoUnity-\laberintos y puzzles\Library\PackageCache\com.unity.visualscripting@1.7.8\Editor\VisualScripting.Core\Dependencies\YamlDotNet\Unity.VisualScripting.YamlDotNet.dll
Symbol file LoadedFromMemory doesn't match image D:\juegos unity\Primer_juegoUnity-\laberintos y puzzles\Library\PackageCache\com.unity.visualscripting@1.7.8\Editor\VisualScripting.Core\Dependencies\DotNetZip\Unity.VisualScripting.IonicZip.dll
Native extension for WindowsStandalone target not found
Native extension for Android target not found
Refreshing native plugins compatible for Editor in 2.54 ms, found 4 plugins.
Preloading 0 native plugins for Editor in 0.00 ms.
Mono: successfully reloaded assembly
- Completed reload, in  2.069 seconds
Domain Reload Profiling:
	ReloadAssembly (2070ms)
		BeginReloadAssembly (217ms)
			ExecutionOrderSort (0ms)
			DisableScriptedObjects (6ms)
			BackupInstance (0ms)
			ReleaseScriptingObjects (0ms)
			CreateAndSetChildDomain (63ms)
		EndReloadAssembly (1686ms)
			LoadAssemblies (159ms)
			RebuildTransferFunctionScriptingTraits (0ms)
			SetupTypeCache (407ms)
			ReleaseScriptCaches (2ms)
			RebuildScriptCaches (96ms)
			SetupLoadedEditorAssemblies (896ms)
				LogAssemblyErrors (0ms)
				InitializePlatformSupportModulesInManaged (85ms)
				SetLoadedEditorAssemblies (1ms)
				RefreshPlugins (3ms)
				BeforeProcessingInitializeOnLoad (212ms)
				ProcessInitializeOnLoadAttributes (528ms)
				ProcessInitializeOnLoadMethodAttributes (53ms)
				AfterProcessingInitializeOnLoad (14ms)
				EditorAssembliesLoaded (0ms)
			ExecutionOrderSort2 (0ms)
			AwakeInstancesAfterBackupRestoration (7ms)
Platform modules already initialized, skipping
Refreshing native plugins compatible for Editor in 5.79 ms, found 4 plugins.
Preloading 0 native plugins for Editor in 0.00 ms.
Unloading 4169 Unused Serialized files (Serialized files now loaded: 0)
Unloading 70 unused Assets / (3.7 MB). Loaded Objects now: 4701.
Memory consumption went from 159.4 MB to 155.8 MB.
Total: 9.810200 ms (FindLiveObjects: 0.926600 ms CreateObjectMapping: 0.452600 ms MarkObjects: 5.163200 ms  DeleteObjects: 3.265800 ms)

AssetImportParameters requested are different than current active one (requested -> active):
  custom:video-decoder-ogg-theora: a1e56fd34408186e4bbccfd4996cb3dc -> 
  custom:container-muxer-webm: aa71ff27fc2769a1b78a27578f13a17b -> 
  custom:container-demuxer-webm: 4f35f7cbe854078d1ac9338744f61a02 -> 
  custom:video-encoder-webm-vp8: eb34c28f22e8b96e1ab97ce403110664 -> 
  custom:video-codec-MediaFoundation-h265: 746d11721c4dcdbdad8f713fa42b33f4 -> 
  custom:audio-encoder-webm-vorbis: bf7c407c2cedff20999df2af8eb42d56 -> 
  custom:framework-win-MediaFoundation: 216162199b28c13a410421893ffa2e32 -> 
  custom:container-demuxer-ogg: 62fdf1f143b41e24485cea50d1cbac27 -> 
  custom:video-decoder-webm-vp8: 9c59270c3fd7afecdb556c50c9e8de78 -> 
  custom:audio-decoder-ogg-vorbis: bf7c407c2cedff20999df2af8eb42d56 -> 
========================================================================
Received Prepare
Registering precompiled user dll's ...
Registered in 0.009974 seconds.
Begin MonoManager ReloadAssembly
Symbol file LoadedFromMemory doesn't match image D:\juegos unity\Primer_juegoUnity-\laberintos y puzzles\Library\PackageCache\com.unity.visualscripting@1.7.8\Editor\VisualScripting.Core\Dependencies\YamlDotNet\Unity.VisualScripting.YamlDotNet.dll
Symbol file LoadedFromMemory doesn't match image D:\juegos unity\Primer_juegoUnity-\laberintos y puzzles\Library\PackageCache\com.unity.visualscripting@1.7.8\Editor\VisualScripting.Core\Dependencies\DotNetZip\Unity.VisualScripting.IonicZip.dll
Native extension for WindowsStandalone target not found
Native extension for Android target not found
Refreshing native plugins compatible for Editor in 1.75 ms, found 4 plugins.
Preloading 0 native plugins for Editor in 0.00 ms.
Mono: successfully reloaded assembly
- Completed reload, in  1.892 seconds
Domain Reload Profiling:
	ReloadAssembly (1893ms)
		BeginReloadAssembly (201ms)
			ExecutionOrderSort (0ms)
			DisableScriptedObjects (7ms)
			BackupInstance (0ms)
			ReleaseScriptingObjects (0ms)
			CreateAndSetChildDomain (52ms)
		EndReloadAssembly (1526ms)
			LoadAssemblies (156ms)
			RebuildTransferFunctionScriptingTraits (0ms)
			SetupTypeCache (445ms)
			ReleaseScriptCaches (3ms)
			RebuildScriptCaches (85ms)
			SetupLoadedEditorAssemblies (752ms)
				LogAssemblyErrors (0ms)
				InitializePlatformSupportModulesInManaged (45ms)
				SetLoadedEditorAssemblies (1ms)
				RefreshPlugins (2ms)
				BeforeProcessingInitializeOnLoad (117ms)
				ProcessInitializeOnLoadAttributes (519ms)
				ProcessInitializeOnLoadMethodAttributes (53ms)
				AfterProcessingInitializeOnLoad (15ms)
				EditorAssembliesLoaded (0ms)
			ExecutionOrderSort2 (0ms)
			AwakeInstancesAfterBackupRestoration (9ms)
Platform modules already initialized, skipping
Refreshing native plugins compatible for Editor in 4.77 ms, found 4 plugins.
Preloading 0 native plugins for Editor in 0.00 ms.
Unloading 4169 Unused Serialized files (Serialized files now loaded: 0)
Unloading 70 unused Assets / (3.7 MB). Loaded Objects now: 4716.
Memory consumption went from 159.5 MB to 155.8 MB.
Total: 9.712800 ms (FindLiveObjects: 0.703300 ms CreateObjectMapping: 0.566800 ms MarkObjects: 5.710000 ms  DeleteObjects: 2.730700 ms)

AssetImportParameters requested are different than current active one (requested -> active):
  custom:video-decoder-ogg-theora: a1e56fd34408186e4bbccfd4996cb3dc -> 
  custom:container-muxer-webm: aa71ff27fc2769a1b78a27578f13a17b -> 
  custom:container-demuxer-webm: 4f35f7cbe854078d1ac9338744f61a02 -> 
  custom:video-encoder-webm-vp8: eb34c28f22e8b96e1ab97ce403110664 -> 
  custom:video-codec-MediaFoundation-h265: 746d11721c4dcdbdad8f713fa42b33f4 -> 
  custom:audio-encoder-webm-vorbis: bf7c407c2cedff20999df2af8eb42d56 -> 
  custom:framework-win-MediaFoundation: 216162199b28c13a410421893ffa2e32 -> 
  custom:container-demuxer-ogg: 62fdf1f143b41e24485cea50d1cbac27 -> 
  custom:video-decoder-webm-vp8: 9c59270c3fd7afecdb556c50c9e8de78 -> 
  custom:audio-decoder-ogg-vorbis: bf7c407c2cedff20999df2af8eb42d56 -> 
========================================================================
Received Prepare
Registering precompiled user dll's ...
Registered in 0.008464 seconds.
Begin MonoManager ReloadAssembly
Symbol file LoadedFromMemory doesn't match image D:\juegos unity\Primer_juegoUnity-\laberintos y puzzles\Library\PackageCache\com.unity.visualscripting@1.7.8\Editor\VisualScripting.Core\Dependencies\YamlDotNet\Unity.VisualScripting.YamlDotNet.dll
Symbol file LoadedFromMemory doesn't match image D:\juegos unity\Primer_juegoUnity-\laberintos y puzzles\Library\PackageCache\com.unity.visualscripting@1.7.8\Editor\VisualScripting.Core\Dependencies\DotNetZip\Unity.VisualScripting.IonicZip.dll
Native extension for WindowsStandalone target not found
Native extension for Android target not found
Refreshing native plugins compatible for Editor in 1.98 ms, found 4 plugins.
Preloading 0 native plugins for Editor in 0.00 ms.
Mono: successfully reloaded assembly
- Completed reload, in  1.928 seconds
Domain Reload Profiling:
	ReloadAssembly (1929ms)
		BeginReloadAssembly (211ms)
			ExecutionOrderSort (0ms)
			DisableScriptedObjects (6ms)
			BackupInstance (0ms)
			ReleaseScriptingObjects (0ms)
			CreateAndSetChildDomain (59ms)
		EndReloadAssembly (1567ms)
			LoadAssemblies (170ms)
			RebuildTransferFunctionScriptingTraits (0ms)
			SetupTypeCache (473ms)
			ReleaseScriptCaches (2ms)
			RebuildScriptCaches (76ms)
			SetupLoadedEditorAssemblies (762ms)
				LogAssemblyErrors (0ms)
				InitializePlatformSupportModulesInManaged (41ms)
				SetLoadedEditorAssemblies (1ms)
				RefreshPlugins (2ms)
				BeforeProcessingInitializeOnLoad (118ms)
				ProcessInitializeOnLoadAttributes (530ms)
				ProcessInitializeOnLoadMethodAttributes (52ms)
				AfterProcessingInitializeOnLoad (16ms)
				EditorAssembliesLoaded (0ms)
			ExecutionOrderSort2 (0ms)
			AwakeInstancesAfterBackupRestoration (11ms)
Platform modules already initialized, skipping
Refreshing native plugins compatible for Editor in 6.39 ms, found 4 plugins.
Preloading 0 native plugins for Editor in 0.00 ms.
Unloading 4169 Unused Serialized files (Serialized files now loaded: 0)
Unloading 70 unused Assets / (3.7 MB). Loaded Objects now: 4731.
Memory consumption went from 159.5 MB to 155.8 MB.
Total: 9.699100 ms (FindLiveObjects: 0.494200 ms CreateObjectMapping: 0.198100 ms MarkObjects: 5.949900 ms  DeleteObjects: 3.054100 ms)

AssetImportParameters requested are different than current active one (requested -> active):
  custom:video-decoder-ogg-theora: a1e56fd34408186e4bbccfd4996cb3dc -> 
  custom:container-muxer-webm: aa71ff27fc2769a1b78a27578f13a17b -> 
  custom:container-demuxer-webm: 4f35f7cbe854078d1ac9338744f61a02 -> 
  custom:video-encoder-webm-vp8: eb34c28f22e8b96e1ab97ce403110664 -> 
  custom:video-codec-MediaFoundation-h265: 746d11721c4dcdbdad8f713fa42b33f4 -> 
  custom:audio-encoder-webm-vorbis: bf7c407c2cedff20999df2af8eb42d56 -> 
  custom:framework-win-MediaFoundation: 216162199b28c13a410421893ffa2e32 -> 
  custom:container-demuxer-ogg: 62fdf1f143b41e24485cea50d1cbac27 -> 
  custom:video-decoder-webm-vp8: 9c59270c3fd7afecdb556c50c9e8de78 -> 
  custom:audio-decoder-ogg-vorbis: bf7c407c2cedff20999df2af8eb42d56 -> 
========================================================================
Received Prepare
Registering precompiled user dll's ...
Registered in 0.009206 seconds.
Begin MonoManager ReloadAssembly
Symbol file LoadedFromMemory doesn't match image D:\juegos unity\Primer_juegoUnity-\laberintos y puzzles\Library\PackageCache\com.unity.visualscripting@1.7.8\Editor\VisualScripting.Core\Dependencies\YamlDotNet\Unity.VisualScripting.YamlDotNet.dll
Symbol file LoadedFromMemory doesn't match image D:\juegos unity\Primer_juegoUnity-\laberintos y puzzles\Library\PackageCache\com.unity.visualscripting@1.7.8\Editor\VisualScripting.Core\Dependencies\DotNetZip\Unity.VisualScripting.IonicZip.dll
Native extension for WindowsStandalone target not found
Native extension for Android target not found
Refreshing native plugins compatible for Editor in 1.30 ms, found 4 plugins.
Preloading 0 native plugins for Editor in 0.00 ms.
Mono: successfully reloaded assembly
- Completed reload, in  1.914 seconds
Domain Reload Profiling:
	ReloadAssembly (1916ms)
		BeginReloadAssembly (217ms)
			ExecutionOrderSort (0ms)
			DisableScriptedObjects (7ms)
			BackupInstance (0ms)
			ReleaseScriptingObjects (0ms)
			CreateAndSetChildDomain (53ms)
		EndReloadAssembly (1540ms)
			LoadAssemblies (182ms)
			RebuildTransferFunctionScriptingTraits (0ms)
			SetupTypeCache (467ms)
			ReleaseScriptCaches (3ms)
			RebuildScriptCaches (91ms)
			SetupLoadedEditorAssemblies (732ms)
				LogAssemblyErrors (0ms)
				InitializePlatformSupportModulesInManaged (39ms)
				SetLoadedEditorAssemblies (1ms)
				RefreshPlugins (1ms)
				BeforeProcessingInitializeOnLoad (114ms)
				ProcessInitializeOnLoadAttributes (510ms)
				ProcessInitializeOnLoadMethodAttributes (50ms)
				AfterProcessingInitializeOnLoad (16ms)
				EditorAssembliesLoaded (0ms)
			ExecutionOrderSort2 (0ms)
			AwakeInstancesAfterBackupRestoration (9ms)
Platform modules already initialized, skipping
Refreshing native plugins compatible for Editor in 6.99 ms, found 4 plugins.
Preloading 0 native plugins for Editor in 0.00 ms.
Unloading 4169 Unused Serialized files (Serialized files now loaded: 0)
Unloading 70 unused Assets / (3.7 MB). Loaded Objects now: 4746.
Memory consumption went from 159.5 MB to 155.8 MB.
Total: 7.903700 ms (FindLiveObjects: 0.483500 ms CreateObjectMapping: 0.188100 ms MarkObjects: 5.184800 ms  DeleteObjects: 2.044500 ms)

AssetImportParameters requested are different than current active one (requested -> active):
  custom:video-decoder-ogg-theora: a1e56fd34408186e4bbccfd4996cb3dc -> 
  custom:container-muxer-webm: aa71ff27fc2769a1b78a27578f13a17b -> 
  custom:container-demuxer-webm: 4f35f7cbe854078d1ac9338744f61a02 -> 
  custom:video-encoder-webm-vp8: eb34c28f22e8b96e1ab97ce403110664 -> 
  custom:video-codec-MediaFoundation-h265: 746d11721c4dcdbdad8f713fa42b33f4 -> 
  custom:audio-encoder-webm-vorbis: bf7c407c2cedff20999df2af8eb42d56 -> 
  custom:framework-win-MediaFoundation: 216162199b28c13a410421893ffa2e32 -> 
  custom:container-demuxer-ogg: 62fdf1f143b41e24485cea50d1cbac27 -> 
  custom:video-decoder-webm-vp8: 9c59270c3fd7afecdb556c50c9e8de78 -> 
  custom:audio-decoder-ogg-vorbis: bf7c407c2cedff20999df2af8eb42d56 -> 
