Using pre-set license
Built from '2021.3/staging' branch; Version is '2021.3.11f1 (0a5ca18544bf) revision 679073'; Using compiler version '192829333'; Build Type 'Release'
OS: 'Windows 10  (10.0.19044) 64bit CoreSingleLanguage' Language: 'es' Physical Memory: 8002 MB
BatchMode: 1, IsHumanControllingUs: 0, StartBugReporterOnCrash: 0, Is64bit: 1, IsPro: 1

COMMAND LINE ARGUMENTS:
C:\Program Files\Unity\Hub\Editor\2021.3.11f1\Editor\Unity.exe
-adb2
-batchMode
-noUpm
-name
AssetImportWorker3
-projectPath
D:/juegos unity/Primer_juegoUnity-/laberintos y puzzles
-logFile
Logs/AssetImportWorker3.log
-srvPort
51808
Successfully changed project path to: D:/juegos unity/Primer_juegoUnity-/laberintos y puzzles
D:/juegos unity/Primer_juegoUnity-/laberintos y puzzles
[UnityMemory] Configuration Parameters - Can be set up in boot.config
    "memorysetup-bucket-allocator-granularity=16"
    "memorysetup-bucket-allocator-bucket-count=8"
    "memorysetup-bucket-allocator-block-size=33554432"
    "memorysetup-bucket-allocator-block-count=8"
    "memorysetup-main-allocator-block-size=16777216"
    "memorysetup-thread-allocator-block-size=16777216"
    "memorysetup-gfx-main-allocator-block-size=16777216"
    "memorysetup-gfx-thread-allocator-block-size=16777216"
    "memorysetup-cache-allocator-block-size=4194304"
    "memorysetup-typetree-allocator-block-size=2097152"
    "memorysetup-profiler-bucket-allocator-granularity=16"
    "memorysetup-profiler-bucket-allocator-bucket-count=8"
    "memorysetup-profiler-bucket-allocator-block-size=33554432"
    "memorysetup-profiler-bucket-allocator-block-count=8"
    "memorysetup-profiler-allocator-block-size=16777216"
    "memorysetup-profiler-editor-allocator-block-size=1048576"
    "memorysetup-temp-allocator-size-main=16777216"
    "memorysetup-job-temp-allocator-block-size=2097152"
    "memorysetup-job-temp-allocator-block-size-background=1048576"
    "memorysetup-job-temp-allocator-reduction-small-platforms=262144"
    "memorysetup-temp-allocator-size-background-worker=32768"
    "memorysetup-temp-allocator-size-job-worker=262144"
    "memorysetup-temp-allocator-size-preload-manager=33554432"
    "memorysetup-temp-allocator-size-nav-mesh-worker=65536"
    "memorysetup-temp-allocator-size-audio-worker=65536"
    "memorysetup-temp-allocator-size-cloud-worker=32768"
    "memorysetup-temp-allocator-size-gi-baking-worker=262144"
    "memorysetup-temp-allocator-size-gfx=262144"
Refreshing native plugins compatible for Editor in 115.68 ms, found 3 plugins.
Preloading 0 native plugins for Editor in 0.00 ms.
Initialize engine version: 2021.3.11f1 (0a5ca18544bf)
[Subsystems] Discovering subsystems at path C:/Program Files/Unity/Hub/Editor/2021.3.11f1/Editor/Data/Resources/UnitySubsystems
[Subsystems] Discovering subsystems at path D:/juegos unity/Primer_juegoUnity-/laberintos y puzzles/Assets
GfxDevice: creating device client; threaded=0; jobified=0
Direct3D:
    Version:  Direct3D 11.0 [level 11.1]
    Renderer: Radeon RX 560X (ID=0x67ef)
    Vendor:   ATI
    VRAM:     4074 MB
    Driver:   31.0.12029.10015
Initialize mono
Mono path[0] = 'C:/Program Files/Unity/Hub/Editor/2021.3.11f1/Editor/Data/Managed'
Mono path[1] = 'C:/Program Files/Unity/Hub/Editor/2021.3.11f1/Editor/Data/MonoBleedingEdge/lib/mono/unityjit-win32'
Mono config path = 'C:/Program Files/Unity/Hub/Editor/2021.3.11f1/Editor/Data/MonoBleedingEdge/etc'
Using monoOptions --debugger-agent=transport=dt_socket,embedding=1,server=y,suspend=n,address=127.0.0.1:56784
Begin MonoManager ReloadAssembly
Registering precompiled unity dll's ...
Register platform support module: C:/Program Files/Unity/Hub/Editor/2021.3.11f1/Editor/Data/PlaybackEngines/AndroidPlayer/UnityEditor.Android.Extensions.dll
Register platform support module: C:/Program Files/Unity/Hub/Editor/2021.3.11f1/Editor/Data/PlaybackEngines/WindowsStandaloneSupport/UnityEditor.WindowsStandalone.Extensions.dll
Registered in 0.012607 seconds.
Native extension for WindowsStandalone target not found
Native extension for Android target not found
Refreshing native plugins compatible for Editor in 120.15 ms, found 3 plugins.
Preloading 0 native plugins for Editor in 0.00 ms.
Mono: successfully reloaded assembly
- Completed reload, in  1.003 seconds
Domain Reload Profiling:
	ReloadAssembly (1004ms)
		BeginReloadAssembly (112ms)
			ExecutionOrderSort (0ms)
			DisableScriptedObjects (0ms)
			BackupInstance (0ms)
			ReleaseScriptingObjects (0ms)
			CreateAndSetChildDomain (1ms)
		EndReloadAssembly (713ms)
			LoadAssemblies (109ms)
			RebuildTransferFunctionScriptingTraits (0ms)
			SetupTypeCache (157ms)
			ReleaseScriptCaches (0ms)
			RebuildScriptCaches (39ms)
			SetupLoadedEditorAssemblies (442ms)
				LogAssemblyErrors (0ms)
				InitializePlatformSupportModulesInManaged (92ms)
				SetLoadedEditorAssemblies (0ms)
				RefreshPlugins (120ms)
				BeforeProcessingInitializeOnLoad (2ms)
				ProcessInitializeOnLoadAttributes (153ms)
				ProcessInitializeOnLoadMethodAttributes (75ms)
				AfterProcessingInitializeOnLoad (0ms)
				EditorAssembliesLoaded (0ms)
			ExecutionOrderSort2 (0ms)
			AwakeInstancesAfterBackupRestoration (0ms)
Platform modules already initialized, skipping
Registering precompiled user dll's ...
Registered in 0.009231 seconds.
Android Extension - Scanning For ADB Devices 4964 ms
Begin MonoManager ReloadAssembly
Symbol file LoadedFromMemory doesn't match image D:\juegos unity\Primer_juegoUnity-\laberintos y puzzles\Library\PackageCache\com.unity.visualscripting@1.7.8\Editor\VisualScripting.Core\Dependencies\YamlDotNet\Unity.VisualScripting.YamlDotNet.dll
Symbol file LoadedFromMemory doesn't match image D:\juegos unity\Primer_juegoUnity-\laberintos y puzzles\Library\PackageCache\com.unity.visualscripting@1.7.8\Editor\VisualScripting.Core\Dependencies\DotNetZip\Unity.VisualScripting.IonicZip.dll
Native extension for WindowsStandalone target not found
Native extension for Android target not found
Refreshing native plugins compatible for Editor in 114.22 ms, found 3 plugins.
Preloading 0 native plugins for Editor in 0.00 ms.
Mono: successfully reloaded assembly
- Completed reload, in  3.400 seconds
Domain Reload Profiling:
	ReloadAssembly (3401ms)
		BeginReloadAssembly (173ms)
			ExecutionOrderSort (0ms)
			DisableScriptedObjects (10ms)
			BackupInstance (0ms)
			ReleaseScriptingObjects (0ms)
			CreateAndSetChildDomain (30ms)
		EndReloadAssembly (2973ms)
			LoadAssemblies (1415ms)
			RebuildTransferFunctionScriptingTraits (0ms)
			SetupTypeCache (437ms)
			ReleaseScriptCaches (1ms)
			RebuildScriptCaches (94ms)
			SetupLoadedEditorAssemblies (968ms)
				LogAssemblyErrors (0ms)
				InitializePlatformSupportModulesInManaged (23ms)
				SetLoadedEditorAssemblies (0ms)
				RefreshPlugins (114ms)
				BeforeProcessingInitializeOnLoad (121ms)
				ProcessInitializeOnLoadAttributes (654ms)
				ProcessInitializeOnLoadMethodAttributes (43ms)
				AfterProcessingInitializeOnLoad (12ms)
				EditorAssembliesLoaded (0ms)
			ExecutionOrderSort2 (0ms)
			AwakeInstancesAfterBackupRestoration (8ms)
Platform modules already initialized, skipping
========================================================================
Worker process is ready to serve import requests
Launched and connected shader compiler UnityShaderCompiler.exe after 0.07 seconds
Refreshing native plugins compatible for Editor in 1.52 ms, found 3 plugins.
Preloading 0 native plugins for Editor in 0.00 ms.
Unloading 3915 Unused Serialized files (Serialized files now loaded: 0)
Unloading 43 unused Assets / (186.5 KB). Loaded Objects now: 4379.
Memory consumption went from 140.6 MB to 140.4 MB.
Total: 6.634800 ms (FindLiveObjects: 0.981300 ms CreateObjectMapping: 0.506900 ms MarkObjects: 4.940700 ms  DeleteObjects: 0.203400 ms)

AssetImportParameters requested are different than current active one (requested -> active):
  custom:video-decoder-ogg-theora: a1e56fd34408186e4bbccfd4996cb3dc -> 
  custom:container-muxer-webm: aa71ff27fc2769a1b78a27578f13a17b -> 
  custom:container-demuxer-webm: 4f35f7cbe854078d1ac9338744f61a02 -> 
  custom:video-encoder-webm-vp8: eb34c28f22e8b96e1ab97ce403110664 -> 
  custom:video-codec-MediaFoundation-h265: 746d11721c4dcdbdad8f713fa42b33f4 -> 
  custom:audio-encoder-webm-vorbis: bf7c407c2cedff20999df2af8eb42d56 -> 
  custom:framework-win-MediaFoundation: 216162199b28c13a410421893ffa2e32 -> 
  custom:container-demuxer-ogg: 62fdf1f143b41e24485cea50d1cbac27 -> 
  custom:video-decoder-webm-vp8: 9c59270c3fd7afecdb556c50c9e8de78 -> 
  custom:audio-decoder-ogg-vorbis: bf7c407c2cedff20999df2af8eb42d56 -> 
========================================================================
Received Import Request.
  Time since last request: 6704.116463 seconds.
  path: Assets/CosasParaProyecto
  artifactKey: Guid(ae1bba9b390e1404e8738a33743bdcbf) Importer(815301076,1909f56bfc062723c751e8b465ee728b)
Start importing Assets/CosasParaProyecto using Guid(ae1bba9b390e1404e8738a33743bdcbf) Importer(815301076,1909f56bfc062723c751e8b465ee728b)  -> (artifact id: '8618270723125868342f8f6cea821dfa') in 0.018468 seconds 
========================================================================
Received Import Request.
  Time since last request: 200.163551 seconds.
  path: Assets/CosasParaProyecto/Sci-Fi Styled Modular Pack/Example scenes/Materials/Sand.mat
  artifactKey: Guid(d7ecd8db85bf61440b7ca5d302afd010) Importer(815301076,1909f56bfc062723c751e8b465ee728b)
Start importing Assets/CosasParaProyecto/Sci-Fi Styled Modular Pack/Example scenes/Materials/Sand.mat using Guid(d7ecd8db85bf61440b7ca5d302afd010) Importer(815301076,1909f56bfc062723c751e8b465ee728b)  -> (artifact id: '5f97b11b825fc4f284220447eb3dd96d') in 0.188601 seconds 
========================================================================
Received Import Request.
  Time since last request: 4.976280 seconds.
  path: Assets/CosasParaProyecto/Sci-Fi Styled Modular Pack/Models/art_2.fbx
  artifactKey: Guid(ac4b748f8929540418552255a129f014) Importer(815301076,1909f56bfc062723c751e8b465ee728b)
Start importing Assets/CosasParaProyecto/Sci-Fi Styled Modular Pack/Models/art_2.fbx using Guid(ac4b748f8929540418552255a129f014) Importer(815301076,1909f56bfc062723c751e8b465ee728b)  -> (artifact id: '9d73bbdc7495af310b7e49d12983eb3d') in 0.118757 seconds 
========================================================================
Received Import Request.
  Time since last request: 0.000028 seconds.
  path: Assets/CosasParaProyecto/Sci-Fi Styled Modular Pack/Models/computer_station.fbx
  artifactKey: Guid(2127a279fcaa46847ac918e39e53bad8) Importer(815301076,1909f56bfc062723c751e8b465ee728b)
Start importing Assets/CosasParaProyecto/Sci-Fi Styled Modular Pack/Models/computer_station.fbx using Guid(2127a279fcaa46847ac918e39e53bad8) Importer(815301076,1909f56bfc062723c751e8b465ee728b)  -> (artifact id: '59e8d7491a2bf771b8e941169568f29b') in 0.259273 seconds 
========================================================================
Received Import Request.
  Time since last request: 0.000053 seconds.
  path: Assets/CosasParaProyecto/Sci-Fi Styled Modular Pack/Models/cabinet_L.fbx
  artifactKey: Guid(90f9643ad123a084381069ff86695c12) Importer(815301076,1909f56bfc062723c751e8b465ee728b)
Start importing Assets/CosasParaProyecto/Sci-Fi Styled Modular Pack/Models/cabinet_L.fbx using Guid(90f9643ad123a084381069ff86695c12) Importer(815301076,1909f56bfc062723c751e8b465ee728b)  -> (artifact id: '340c82554ae1f388b6f93d07f0874a7b') in 0.029866 seconds 
========================================================================
Received Import Request.
  Time since last request: 0.000033 seconds.
  path: Assets/CosasParaProyecto/Sci-Fi Styled Modular Pack/Models/console_screen.fbx
  artifactKey: Guid(2ca85bdcc81d8d24ba87f0f1135cf8fe) Importer(815301076,1909f56bfc062723c751e8b465ee728b)
Start importing Assets/CosasParaProyecto/Sci-Fi Styled Modular Pack/Models/console_screen.fbx using Guid(2ca85bdcc81d8d24ba87f0f1135cf8fe) Importer(815301076,1909f56bfc062723c751e8b465ee728b)  -> (artifact id: '5bd0053d5a34fac8d119665f2867db9c') in 0.029536 seconds 
========================================================================
Received Import Request.
  Time since last request: 0.000026 seconds.
  path: Assets/CosasParaProyecto/Sci-Fi Styled Modular Pack/Models/container_big.fbx
  artifactKey: Guid(1037e3cf0dc55a54fb6095b7d4075f91) Importer(815301076,1909f56bfc062723c751e8b465ee728b)
Start importing Assets/CosasParaProyecto/Sci-Fi Styled Modular Pack/Models/container_big.fbx using Guid(1037e3cf0dc55a54fb6095b7d4075f91) Importer(815301076,1909f56bfc062723c751e8b465ee728b)  -> (artifact id: '4ee82505d523f8b66ebb88aea6856e05') in 0.044372 seconds 
========================================================================
Received Import Request.
  Time since last request: 0.000028 seconds.
  path: Assets/CosasParaProyecto/Sci-Fi Styled Modular Pack/Models/Cube_2x2_extended.fbx
  artifactKey: Guid(ec74d4db4ff77cd4ea59472a32ad58d0) Importer(815301076,1909f56bfc062723c751e8b465ee728b)
Start importing Assets/CosasParaProyecto/Sci-Fi Styled Modular Pack/Models/Cube_2x2_extended.fbx using Guid(ec74d4db4ff77cd4ea59472a32ad58d0) Importer(815301076,1909f56bfc062723c751e8b465ee728b)  -> (artifact id: '5969336434c0f7866734d72d1cdd5ff1') in 0.036364 seconds 
========================================================================
Received Import Request.
  Time since last request: 0.000048 seconds.
  path: Assets/CosasParaProyecto/Sci-Fi Styled Modular Pack/Models/decorative_half_wall_3_LOD0.fbx
  artifactKey: Guid(ce40e961651af434ca660d2d087505cb) Importer(815301076,1909f56bfc062723c751e8b465ee728b)
Start importing Assets/CosasParaProyecto/Sci-Fi Styled Modular Pack/Models/decorative_half_wall_3_LOD0.fbx using Guid(ce40e961651af434ca660d2d087505cb) Importer(815301076,1909f56bfc062723c751e8b465ee728b)  -> (artifact id: '15bb43a091140232f33361282b2fc089') in 0.048110 seconds 
========================================================================
Received Import Request.
  Time since last request: 0.000056 seconds.
  path: Assets/CosasParaProyecto/Sci-Fi Styled Modular Pack/Models/Cube_1x1_extended.fbx
  artifactKey: Guid(7f4ff057efa234740842b9442ebc75e6) Importer(815301076,1909f56bfc062723c751e8b465ee728b)
Start importing Assets/CosasParaProyecto/Sci-Fi Styled Modular Pack/Models/Cube_1x1_extended.fbx using Guid(7f4ff057efa234740842b9442ebc75e6) Importer(815301076,1909f56bfc062723c751e8b465ee728b)  -> (artifact id: '3d437afee395251c38556160af9ea1ab') in 0.038723 seconds 
========================================================================
Received Import Request.
  Time since last request: 0.000042 seconds.
  path: Assets/CosasParaProyecto/Sci-Fi Styled Modular Pack/Models/battery.fbx
  artifactKey: Guid(154329710c2ffe04397c646ac704cdce) Importer(815301076,1909f56bfc062723c751e8b465ee728b)
Start importing Assets/CosasParaProyecto/Sci-Fi Styled Modular Pack/Models/battery.fbx using Guid(154329710c2ffe04397c646ac704cdce) Importer(815301076,1909f56bfc062723c751e8b465ee728b)  -> (artifact id: 'bbcde857c2b0350545998a041709cbd0') in 0.045220 seconds 
========================================================================
Received Import Request.
  Time since last request: 0.000068 seconds.
  path: Assets/CosasParaProyecto/Sci-Fi Styled Modular Pack/Models/art_5.fbx
  artifactKey: Guid(e528381f299d2ce4db9f7e803942a77c) Importer(815301076,1909f56bfc062723c751e8b465ee728b)
Start importing Assets/CosasParaProyecto/Sci-Fi Styled Modular Pack/Models/art_5.fbx using Guid(e528381f299d2ce4db9f7e803942a77c) Importer(815301076,1909f56bfc062723c751e8b465ee728b)  -> (artifact id: 'adeab8c3ba90867681cc272eb0fdc618') in 0.035441 seconds 
========================================================================
Received Import Request.
  Time since last request: 0.000027 seconds.
  path: Assets/CosasParaProyecto/Sci-Fi Styled Modular Pack/Models/blank_wall_D.fbx
  artifactKey: Guid(f2542f8a4907dc24d9a2eea57712af9e) Importer(815301076,1909f56bfc062723c751e8b465ee728b)
Start importing Assets/CosasParaProyecto/Sci-Fi Styled Modular Pack/Models/blank_wall_D.fbx using Guid(f2542f8a4907dc24d9a2eea57712af9e) Importer(815301076,1909f56bfc062723c751e8b465ee728b)  -> (artifact id: 'bc1f3c144fe9475d7684b7714c6c9ccb') in 0.029013 seconds 
========================================================================
Received Import Request.
  Time since last request: 0.000027 seconds.
  path: Assets/CosasParaProyecto/Sci-Fi Styled Modular Pack/Models/decorative_half_wall_1_LOD1.fbx
  artifactKey: Guid(aa82f952555438f45a16e519c23f9b0f) Importer(815301076,1909f56bfc062723c751e8b465ee728b)
Start importing Assets/CosasParaProyecto/Sci-Fi Styled Modular Pack/Models/decorative_half_wall_1_LOD1.fbx using Guid(aa82f952555438f45a16e519c23f9b0f) Importer(815301076,1909f56bfc062723c751e8b465ee728b)  -> (artifact id: '952abc61b955d46e6b580b34b5bd271d') in 0.029286 seconds 
========================================================================
Received Import Request.
  Time since last request: 0.000036 seconds.
  path: Assets/CosasParaProyecto/Sci-Fi Styled Modular Pack/Models/column_kneel.fbx
  artifactKey: Guid(9eee1c765d8a58342beec1835ce7ce64) Importer(815301076,1909f56bfc062723c751e8b465ee728b)
Start importing Assets/CosasParaProyecto/Sci-Fi Styled Modular Pack/Models/column_kneel.fbx using Guid(9eee1c765d8a58342beec1835ce7ce64) Importer(815301076,1909f56bfc062723c751e8b465ee728b)  -> (artifact id: 'a07b8fac1a6bda88b856f31f58959f29') in 0.042578 seconds 
========================================================================
Received Import Request.
  Time since last request: 0.000032 seconds.
  path: Assets/CosasParaProyecto/Sci-Fi Styled Modular Pack/Models/console.fbx
  artifactKey: Guid(7d22befb952c070459bc8f06ba0a5f84) Importer(815301076,1909f56bfc062723c751e8b465ee728b)
Start importing Assets/CosasParaProyecto/Sci-Fi Styled Modular Pack/Models/console.fbx using Guid(7d22befb952c070459bc8f06ba0a5f84) Importer(815301076,1909f56bfc062723c751e8b465ee728b)  -> (artifact id: '8ecebec3014e0a3c0ce7b0e54a18de17') in 0.032722 seconds 
========================================================================
Received Import Request.
  Time since last request: 0.000039 seconds.
  path: Assets/CosasParaProyecto/Sci-Fi Styled Modular Pack/Models/art_3.fbx
  artifactKey: Guid(3bfbdc734e9c13841add85180e90c4c0) Importer(815301076,1909f56bfc062723c751e8b465ee728b)
Start importing Assets/CosasParaProyecto/Sci-Fi Styled Modular Pack/Models/art_3.fbx using Guid(3bfbdc734e9c13841add85180e90c4c0) Importer(815301076,1909f56bfc062723c751e8b465ee728b)  -> (artifact id: 'd28487c1771ab205e54e320e87a104f5') in 0.037869 seconds 
========================================================================
Received Import Request.
  Time since last request: 0.000125 seconds.
  path: Assets/CosasParaProyecto/Sci-Fi Styled Modular Pack/Models/bunk_bed.fbx
  artifactKey: Guid(574e37233b065eb4faed1290880c8ebf) Importer(815301076,1909f56bfc062723c751e8b465ee728b)
Start importing Assets/CosasParaProyecto/Sci-Fi Styled Modular Pack/Models/bunk_bed.fbx using Guid(574e37233b065eb4faed1290880c8ebf) Importer(815301076,1909f56bfc062723c751e8b465ee728b)  -> (artifact id: 'd4da392fcc45790b2930335009b9523a') in 0.032662 seconds 
========================================================================
Received Import Request.
  Time since last request: 0.000036 seconds.
  path: Assets/CosasParaProyecto/Sci-Fi Styled Modular Pack/Models/bed.fbx
  artifactKey: Guid(9f483ba0e96f1414a84ea4b0fbc13414) Importer(815301076,1909f56bfc062723c751e8b465ee728b)
Start importing Assets/CosasParaProyecto/Sci-Fi Styled Modular Pack/Models/bed.fbx using Guid(9f483ba0e96f1414a84ea4b0fbc13414) Importer(815301076,1909f56bfc062723c751e8b465ee728b)  -> (artifact id: 'de34d80098f7e80f75947024cab2792c') in 0.036126 seconds 
========================================================================
Received Import Request.
  Time since last request: 0.000037 seconds.
  path: Assets/CosasParaProyecto/Sci-Fi Styled Modular Pack/Models/Cylinder_16_extended.fbx
  artifactKey: Guid(d62ba206d6f3125429f5213d81c32eb0) Importer(815301076,1909f56bfc062723c751e8b465ee728b)
Start importing Assets/CosasParaProyecto/Sci-Fi Styled Modular Pack/Models/Cylinder_16_extended.fbx using Guid(d62ba206d6f3125429f5213d81c32eb0) Importer(815301076,1909f56bfc062723c751e8b465ee728b)  -> (artifact id: '6c8b33824d0b6bec89a1770d6fc9ea82') in 0.035800 seconds 
========================================================================
Received Import Request.
  Time since last request: 0.000026 seconds.
  path: Assets/CosasParaProyecto/Sci-Fi Styled Modular Pack/Models/decorative_half_wall_1_LOD0.fbx
  artifactKey: Guid(126da1070311a154885091b4c21323c5) Importer(815301076,1909f56bfc062723c751e8b465ee728b)
Start importing Assets/CosasParaProyecto/Sci-Fi Styled Modular Pack/Models/decorative_half_wall_1_LOD0.fbx using Guid(126da1070311a154885091b4c21323c5) Importer(815301076,1909f56bfc062723c751e8b465ee728b)  -> (artifact id: 'd3a59611c5ee5f5196650ad7b85f5750') in 0.031506 seconds 
========================================================================
Received Import Request.
  Time since last request: 10.275220 seconds.
  path: Assets/CosasParaProyecto/Sci-Fi Styled Modular Pack/Models/decorative_half_wall_4_LOD1.fbx
  artifactKey: Guid(b57b8db81ab64b04c817c7c3feabc2a0) Importer(815301076,1909f56bfc062723c751e8b465ee728b)
Start importing Assets/CosasParaProyecto/Sci-Fi Styled Modular Pack/Models/decorative_half_wall_4_LOD1.fbx using Guid(b57b8db81ab64b04c817c7c3feabc2a0) Importer(815301076,1909f56bfc062723c751e8b465ee728b)  -> (artifact id: '40b08fe0f76124f903593d6951f31a27') in 0.247937 seconds 
========================================================================
Received Import Request.
  Time since last request: 0.000033 seconds.
  path: Assets/CosasParaProyecto/Sci-Fi Styled Modular Pack/Models/decorative_plant_small.fbx
  artifactKey: Guid(ee525e307c7e23c449adda79b8029a44) Importer(815301076,1909f56bfc062723c751e8b465ee728b)
Start importing Assets/CosasParaProyecto/Sci-Fi Styled Modular Pack/Models/decorative_plant_small.fbx using Guid(ee525e307c7e23c449adda79b8029a44) Importer(815301076,1909f56bfc062723c751e8b465ee728b)  -> (artifact id: '2fee406e7745372f1ba1c4c8409c4f7c') in 0.182897 seconds 
========================================================================
Received Import Request.
  Time since last request: 0.000057 seconds.
  path: Assets/CosasParaProyecto/Sci-Fi Styled Modular Pack/Models/decorative_wall_3_LOD1.fbx
  artifactKey: Guid(a140b27441a26454b823cd2bbd6ed96a) Importer(815301076,1909f56bfc062723c751e8b465ee728b)
Start importing Assets/CosasParaProyecto/Sci-Fi Styled Modular Pack/Models/decorative_wall_3_LOD1.fbx using Guid(a140b27441a26454b823cd2bbd6ed96a) Importer(815301076,1909f56bfc062723c751e8b465ee728b)  -> (artifact id: '67551be2060838856283a409d16bd657') in 0.030701 seconds 
========================================================================
Received Import Request.
  Time since last request: 0.000030 seconds.
  path: Assets/CosasParaProyecto/Sci-Fi Styled Modular Pack/Models/decorative_pilow_LOD0.fbx
  artifactKey: Guid(f3db2c97405c89448891b5f5e6f734db) Importer(815301076,1909f56bfc062723c751e8b465ee728b)
Start importing Assets/CosasParaProyecto/Sci-Fi Styled Modular Pack/Models/decorative_pilow_LOD0.fbx using Guid(f3db2c97405c89448891b5f5e6f734db) Importer(815301076,1909f56bfc062723c751e8b465ee728b)  -> (artifact id: '87063e120a81ddd34aa81d43c15c1252') in 0.040421 seconds 
========================================================================
Received Import Request.
  Time since last request: 0.000037 seconds.
  path: Assets/CosasParaProyecto/Sci-Fi Styled Modular Pack/Models/decorative_wall_1_LOD1.fbx
  artifactKey: Guid(0eb978c8eaeb00e4882ac2cf4e1ab020) Importer(815301076,1909f56bfc062723c751e8b465ee728b)
Start importing Assets/CosasParaProyecto/Sci-Fi Styled Modular Pack/Models/decorative_wall_1_LOD1.fbx using Guid(0eb978c8eaeb00e4882ac2cf4e1ab020) Importer(815301076,1909f56bfc062723c751e8b465ee728b)  -> (artifact id: '056d143d3576bbaa23996a6652deb884') in 0.035759 seconds 
========================================================================
Received Import Request.
  Time since last request: 0.000029 seconds.
  path: Assets/CosasParaProyecto/Sci-Fi Styled Modular Pack/Models/decorative_wall_5.fbx
  artifactKey: Guid(78fd4647be0da2e4dbbb4bc3cfe6ca31) Importer(815301076,1909f56bfc062723c751e8b465ee728b)
Start importing Assets/CosasParaProyecto/Sci-Fi Styled Modular Pack/Models/decorative_wall_5.fbx using Guid(78fd4647be0da2e4dbbb4bc3cfe6ca31) Importer(815301076,1909f56bfc062723c751e8b465ee728b)  -> (artifact id: '3a57e520354f7e8e822f8b6836d34042') in 0.035464 seconds 
========================================================================
Received Import Request.
  Time since last request: 0.000037 seconds.
  path: Assets/CosasParaProyecto/Sci-Fi Styled Modular Pack/Models/decorative_table_small_no_glass.fbx
  artifactKey: Guid(e4f7e70184d1727499222527f1ac3508) Importer(815301076,1909f56bfc062723c751e8b465ee728b)
Start importing Assets/CosasParaProyecto/Sci-Fi Styled Modular Pack/Models/decorative_table_small_no_glass.fbx using Guid(e4f7e70184d1727499222527f1ac3508) Importer(815301076,1909f56bfc062723c751e8b465ee728b)  -> (artifact id: '21955e9219b4659001168ca251776f73') in 0.030068 seconds 
========================================================================
Received Import Request.
  Time since last request: 0.000047 seconds.
  path: Assets/CosasParaProyecto/Sci-Fi Styled Modular Pack/Models/decorative_sofa_LOD1.fbx
  artifactKey: Guid(65173919170defb40bc0157bcbf757f0) Importer(815301076,1909f56bfc062723c751e8b465ee728b)
Start importing Assets/CosasParaProyecto/Sci-Fi Styled Modular Pack/Models/decorative_sofa_LOD1.fbx using Guid(65173919170defb40bc0157bcbf757f0) Importer(815301076,1909f56bfc062723c751e8b465ee728b)  -> (artifact id: '17e887a75cfb933c9150510a7cd159a7') in 0.028313 seconds 
========================================================================
Received Import Request.
  Time since last request: 0.000053 seconds.
  path: Assets/CosasParaProyecto/Sci-Fi Styled Modular Pack/Models/decorative_plant_desk.fbx
  artifactKey: Guid(3112b0e09a01a2f4abd3ff0277d70a78) Importer(815301076,1909f56bfc062723c751e8b465ee728b)
Start importing Assets/CosasParaProyecto/Sci-Fi Styled Modular Pack/Models/decorative_plant_desk.fbx using Guid(3112b0e09a01a2f4abd3ff0277d70a78) Importer(815301076,1909f56bfc062723c751e8b465ee728b)  -> (artifact id: '9056782b75c65c8f611eef55db8b3099') in 0.048542 seconds 
========================================================================
Received Import Request.
  Time since last request: 0.000030 seconds.
  path: Assets/CosasParaProyecto/Sci-Fi Styled Modular Pack/Models/decorative_table_no_glass_only_top.fbx
  artifactKey: Guid(cd9aff1dff9e8e842adf7642284a5815) Importer(815301076,1909f56bfc062723c751e8b465ee728b)
Start importing Assets/CosasParaProyecto/Sci-Fi Styled Modular Pack/Models/decorative_table_no_glass_only_top.fbx using Guid(cd9aff1dff9e8e842adf7642284a5815) Importer(815301076,1909f56bfc062723c751e8b465ee728b)  -> (artifact id: '2a82697778cd6a769ae7c74328e1c8d8') in 0.042576 seconds 
========================================================================
Received Import Request.
  Time since last request: 0.000028 seconds.
  path: Assets/CosasParaProyecto/Sci-Fi Styled Modular Pack/Models/decorative_table_no_glass.fbx
  artifactKey: Guid(8ad22dca44fd0454983dd1151d42180b) Importer(815301076,1909f56bfc062723c751e8b465ee728b)
Start importing Assets/CosasParaProyecto/Sci-Fi Styled Modular Pack/Models/decorative_table_no_glass.fbx using Guid(8ad22dca44fd0454983dd1151d42180b) Importer(815301076,1909f56bfc062723c751e8b465ee728b)  -> (artifact id: 'f4aec48e04ef002c0a4561cc7f5f4d6e') in 0.046074 seconds 
========================================================================
Received Import Request.
  Time since last request: 0.000049 seconds.
  path: Assets/CosasParaProyecto/Sci-Fi Styled Modular Pack/Models/decorative_sofa_LOD0.fbx
  artifactKey: Guid(fb39861b198df51498e189d15f1ebc9c) Importer(815301076,1909f56bfc062723c751e8b465ee728b)
Start importing Assets/CosasParaProyecto/Sci-Fi Styled Modular Pack/Models/decorative_sofa_LOD0.fbx using Guid(fb39861b198df51498e189d15f1ebc9c) Importer(815301076,1909f56bfc062723c751e8b465ee728b)  -> (artifact id: '5382c04db80c6265f93fba6a6410deaf') in 0.043324 seconds 
========================================================================
Received Import Request.
  Time since last request: 0.000041 seconds.
  path: Assets/CosasParaProyecto/Sci-Fi Styled Modular Pack/Models/decorative_wall_1_LOD0.fbx
  artifactKey: Guid(cfaae91c0468de14fa52db2da7d5746a) Importer(815301076,1909f56bfc062723c751e8b465ee728b)
Start importing Assets/CosasParaProyecto/Sci-Fi Styled Modular Pack/Models/decorative_wall_1_LOD0.fbx using Guid(cfaae91c0468de14fa52db2da7d5746a) Importer(815301076,1909f56bfc062723c751e8b465ee728b)  -> (artifact id: 'b7002c10fd8717a3b6a00414c24c7f26') in 0.038089 seconds 
========================================================================
Received Import Request.
  Time since last request: 0.000122 seconds.
  path: Assets/CosasParaProyecto/Sci-Fi Styled Modular Pack/Models/decorative_wall_2_LOD0.fbx
  artifactKey: Guid(add8c133b855e274f898b07a10ff3130) Importer(815301076,1909f56bfc062723c751e8b465ee728b)
Start importing Assets/CosasParaProyecto/Sci-Fi Styled Modular Pack/Models/decorative_wall_2_LOD0.fbx using Guid(add8c133b855e274f898b07a10ff3130) Importer(815301076,1909f56bfc062723c751e8b465ee728b)  -> (artifact id: '5749ed089713417e0be065de9cdfa60a') in 0.042456 seconds 
========================================================================
Received Import Request.
  Time since last request: 0.000039 seconds.
  path: Assets/CosasParaProyecto/Sci-Fi Styled Modular Pack/Models/decorative_wall_4_no_computer_LOD1.fbx
  artifactKey: Guid(5d3d38b9dc0d8f64db55c838c959297a) Importer(815301076,1909f56bfc062723c751e8b465ee728b)
Start importing Assets/CosasParaProyecto/Sci-Fi Styled Modular Pack/Models/decorative_wall_4_no_computer_LOD1.fbx using Guid(5d3d38b9dc0d8f64db55c838c959297a) Importer(815301076,1909f56bfc062723c751e8b465ee728b)  -> (artifact id: '1901f005e9bdc9edfa001d78e2677534') in 0.052300 seconds 
========================================================================
Received Import Request.
  Time since last request: 0.000036 seconds.
  path: Assets/CosasParaProyecto/Sci-Fi Styled Modular Pack/Models/decorative_pilow.fbx
  artifactKey: Guid(dd574b0211f8115498c621597dbe7485) Importer(815301076,1909f56bfc062723c751e8b465ee728b)
Start importing Assets/CosasParaProyecto/Sci-Fi Styled Modular Pack/Models/decorative_pilow.fbx using Guid(dd574b0211f8115498c621597dbe7485) Importer(815301076,1909f56bfc062723c751e8b465ee728b)  -> (artifact id: '5175c84a8c64610fb599bc18a5b923f2') in 0.040738 seconds 
========================================================================
Received Import Request.
  Time since last request: 0.000046 seconds.
  path: Assets/CosasParaProyecto/Sci-Fi Styled Modular Pack/Models/decorative_plant.fbx
  artifactKey: Guid(77481a7c618d8c14cbf3663b6c659704) Importer(815301076,1909f56bfc062723c751e8b465ee728b)
Start importing Assets/CosasParaProyecto/Sci-Fi Styled Modular Pack/Models/decorative_plant.fbx using Guid(77481a7c618d8c14cbf3663b6c659704) Importer(815301076,1909f56bfc062723c751e8b465ee728b)  -> (artifact id: '5baf41f287dc575954d70f5c1944b868') in 0.049348 seconds 
========================================================================
Received Import Request.
  Time since last request: 0.000055 seconds.
  path: Assets/CosasParaProyecto/Sci-Fi Styled Modular Pack/Models/decorative_wall_4_no_computer_LOD0.fbx
  artifactKey: Guid(bf457f6799881e747bbd9e01d6dc3ef2) Importer(815301076,1909f56bfc062723c751e8b465ee728b)
Start importing Assets/CosasParaProyecto/Sci-Fi Styled Modular Pack/Models/decorative_wall_4_no_computer_LOD0.fbx using Guid(bf457f6799881e747bbd9e01d6dc3ef2) Importer(815301076,1909f56bfc062723c751e8b465ee728b)  -> (artifact id: '3ec96510cbf0d71acc96f79633dba011') in 0.045112 seconds 
========================================================================
Received Import Request.
  Time since last request: 0.000042 seconds.
  path: Assets/CosasParaProyecto/Sci-Fi Styled Modular Pack/Models/decorative_wall_4_computer_LOD1.fbx
  artifactKey: Guid(c23fae69e42c1a844878231b997a2c88) Importer(815301076,1909f56bfc062723c751e8b465ee728b)
Start importing Assets/CosasParaProyecto/Sci-Fi Styled Modular Pack/Models/decorative_wall_4_computer_LOD1.fbx using Guid(c23fae69e42c1a844878231b997a2c88) Importer(815301076,1909f56bfc062723c751e8b465ee728b)  -> (artifact id: '09c921e7b7089039c9a6dcd8d774c8e2') in 0.059287 seconds 
========================================================================
Received Import Request.
  Time since last request: 8.294367 seconds.
  path: Assets/CosasParaProyecto/Sci-Fi Styled Modular Pack/Prefabs/Doors/door_2.prefab
  artifactKey: Guid(820591594dcfa124d8a9c5d016d6c22c) Importer(815301076,1909f56bfc062723c751e8b465ee728b)
Start importing Assets/CosasParaProyecto/Sci-Fi Styled Modular Pack/Prefabs/Doors/door_2.prefab using Guid(820591594dcfa124d8a9c5d016d6c22c) Importer(815301076,1909f56bfc062723c751e8b465ee728b)  -> (artifact id: '36af89922b84f76505a5358500f4ab5b') in 0.246462 seconds 
========================================================================
Received Import Request.
  Time since last request: 0.000036 seconds.
  path: Assets/CosasParaProyecto/Sci-Fi Styled Modular Pack/Prefabs/Doors/door_3.prefab
  artifactKey: Guid(2d927feb0fbf1a7429c095369d395de7) Importer(815301076,1909f56bfc062723c751e8b465ee728b)
Start importing Assets/CosasParaProyecto/Sci-Fi Styled Modular Pack/Prefabs/Doors/door_3.prefab using Guid(2d927feb0fbf1a7429c095369d395de7) Importer(815301076,1909f56bfc062723c751e8b465ee728b)  -> (artifact id: 'e72fb8f90a7efc6a5ef3fd21147033e2') in 0.104911 seconds 
========================================================================
Received Import Request.
  Time since last request: 3.734701 seconds.
  path: Assets/CosasParaProyecto/Sci-Fi Styled Modular Pack/Prefabs/Joints/Joint_X_6.prefab
  artifactKey: Guid(9d71973b94dc7364a8a8c7cd0a62b082) Importer(815301076,1909f56bfc062723c751e8b465ee728b)
Start importing Assets/CosasParaProyecto/Sci-Fi Styled Modular Pack/Prefabs/Joints/Joint_X_6.prefab using Guid(9d71973b94dc7364a8a8c7cd0a62b082) Importer(815301076,1909f56bfc062723c751e8b465ee728b)  -> (artifact id: 'b1ea365f09010bd9453f389ae2c83457') in 0.124918 seconds 
========================================================================
Received Import Request.
  Time since last request: 0.000040 seconds.
  path: Assets/CosasParaProyecto/Sci-Fi Styled Modular Pack/Prefabs/Joints/Joint_Y_6.prefab
  artifactKey: Guid(a7e2f529ec077f5449e53f9dd39452fe) Importer(815301076,1909f56bfc062723c751e8b465ee728b)
Start importing Assets/CosasParaProyecto/Sci-Fi Styled Modular Pack/Prefabs/Joints/Joint_Y_6.prefab using Guid(a7e2f529ec077f5449e53f9dd39452fe) Importer(815301076,1909f56bfc062723c751e8b465ee728b)  -> (artifact id: '62ad1e94429f01c0a9a9ffe21961affe') in 0.076849 seconds 
========================================================================
Received Import Request.
  Time since last request: 330.709495 seconds.
  path: Assets/CosasParaProyecto/Sci-Fi Styled Modular Pack/Materials/Palletes/base color.mat
  artifactKey: Guid(10de6384af0c3b54e8166f9c3f936e88) Importer(815301076,1909f56bfc062723c751e8b465ee728b)
Start importing Assets/CosasParaProyecto/Sci-Fi Styled Modular Pack/Materials/Palletes/base color.mat using Guid(10de6384af0c3b54e8166f9c3f936e88) Importer(815301076,1909f56bfc062723c751e8b465ee728b)  -> (artifact id: 'c8d1e8144f43daaaf90df4335b05c810') in 0.094009 seconds 
========================================================================
Received Import Request.
  Time since last request: 0.000029 seconds.
  path: Assets/CosasParaProyecto/Sci-Fi Styled Modular Pack/Materials/nature_leaves.mat
  artifactKey: Guid(5d84bcb5cc458944085f3169d277536d) Importer(815301076,1909f56bfc062723c751e8b465ee728b)
Start importing Assets/CosasParaProyecto/Sci-Fi Styled Modular Pack/Materials/nature_leaves.mat using Guid(5d84bcb5cc458944085f3169d277536d) Importer(815301076,1909f56bfc062723c751e8b465ee728b)  -> (artifact id: '0f1d34f32a486b69b2df8fd616783051') in 0.046033 seconds 
========================================================================
Received Import Request.
  Time since last request: 0.000119 seconds.
  path: Assets/CosasParaProyecto/Sci-Fi Styled Modular Pack/Materials/nature_ground.mat
  artifactKey: Guid(71c78677fdc08394da7fd716fb41a991) Importer(815301076,1909f56bfc062723c751e8b465ee728b)
Start importing Assets/CosasParaProyecto/Sci-Fi Styled Modular Pack/Materials/nature_ground.mat using Guid(71c78677fdc08394da7fd716fb41a991) Importer(815301076,1909f56bfc062723c751e8b465ee728b)  -> (artifact id: 'ffb6bb10b793f41b41dd23f1a75682e8') in 0.035096 seconds 
========================================================================
Received Import Request.
  Time since last request: 0.000058 seconds.
  path: Assets/CosasParaProyecto/Sci-Fi Styled Modular Pack/Materials/Palletes/blue color.mat
  artifactKey: Guid(bb0ea486e3a8ea846993232a228b528a) Importer(815301076,1909f56bfc062723c751e8b465ee728b)
Start importing Assets/CosasParaProyecto/Sci-Fi Styled Modular Pack/Materials/Palletes/blue color.mat using Guid(bb0ea486e3a8ea846993232a228b528a) Importer(815301076,1909f56bfc062723c751e8b465ee728b)  -> (artifact id: '07b087c19d7baf3ffd0d9e7f5f9b0c0d') in 0.098355 seconds 
========================================================================
Received Import Request.
  Time since last request: 0.000038 seconds.
  path: Assets/CosasParaProyecto/Sci-Fi Styled Modular Pack/Materials/window.mat
  artifactKey: Guid(6df5b81390f2c8d4d967baea2b0a190e) Importer(815301076,1909f56bfc062723c751e8b465ee728b)
Start importing Assets/CosasParaProyecto/Sci-Fi Styled Modular Pack/Materials/window.mat using Guid(6df5b81390f2c8d4d967baea2b0a190e) Importer(815301076,1909f56bfc062723c751e8b465ee728b)  -> (artifact id: '8216bbd9b58378471dd06da4271afe97') in 0.318868 seconds 
========================================================================
Received Import Request.
  Time since last request: 0.000028 seconds.
  path: Assets/CosasParaProyecto/Sci-Fi Styled Modular Pack/Materials/Palletes/dark color.mat
  artifactKey: Guid(14e5822a3f4e21e4d9ef3d687fe27b01) Importer(815301076,1909f56bfc062723c751e8b465ee728b)
Start importing Assets/CosasParaProyecto/Sci-Fi Styled Modular Pack/Materials/Palletes/dark color.mat using Guid(14e5822a3f4e21e4d9ef3d687fe27b01) Importer(815301076,1909f56bfc062723c751e8b465ee728b)  -> (artifact id: '24f9e8d854b83a44bf92b6333743ec89') in 0.106379 seconds 
========================================================================
Received Import Request.
  Time since last request: 0.000112 seconds.
  path: Assets/CosasParaProyecto/Sci-Fi Styled Modular Pack/Materials/Palletes/coffee color.mat
  artifactKey: Guid(0dc773308a90b4d46b08202cbde5b80d) Importer(815301076,1909f56bfc062723c751e8b465ee728b)
Start importing Assets/CosasParaProyecto/Sci-Fi Styled Modular Pack/Materials/Palletes/coffee color.mat using Guid(0dc773308a90b4d46b08202cbde5b80d) Importer(815301076,1909f56bfc062723c751e8b465ee728b)  -> (artifact id: '1afe3b9913f92f780a44e15f30572616') in 0.102457 seconds 
========================================================================
Received Import Request.
  Time since last request: 0.000044 seconds.
  path: Assets/Joystick Pack/Examples/Player.mat
  artifactKey: Guid(59e4faf24927edf4a82f463ad16f1c37) Importer(815301076,1909f56bfc062723c751e8b465ee728b)
Start importing Assets/Joystick Pack/Examples/Player.mat using Guid(59e4faf24927edf4a82f463ad16f1c37) Importer(815301076,1909f56bfc062723c751e8b465ee728b)  -> (artifact id: 'bb2a9c50398e0962130bea43278588d0') in 0.021274 seconds 
========================================================================
Received Import Request.
  Time since last request: 0.000038 seconds.
  path: Assets/CosasParaProyecto/Sci-Fi Styled Modular Pack/Materials/glass.mat
  artifactKey: Guid(2ce01831e9f3ae441bb48623e5fbe0c0) Importer(815301076,1909f56bfc062723c751e8b465ee728b)
Start importing Assets/CosasParaProyecto/Sci-Fi Styled Modular Pack/Materials/glass.mat using Guid(2ce01831e9f3ae441bb48623e5fbe0c0) Importer(815301076,1909f56bfc062723c751e8b465ee728b)  -> (artifact id: 'c2db46c760089f0e5c2f417e78ade3c0') in 0.218028 seconds 
========================================================================
Received Import Request.
  Time since last request: 487.844414 seconds.
  path: Assets/SkySeries Freebie/6sidedCosmicCoolCloud.mat
  artifactKey: Guid(f531e09e2ad2fb440b4eed7605863143) Importer(815301076,1909f56bfc062723c751e8b465ee728b)
Start importing Assets/SkySeries Freebie/6sidedCosmicCoolCloud.mat using Guid(f531e09e2ad2fb440b4eed7605863143) Importer(815301076,1909f56bfc062723c751e8b465ee728b)  -> (artifact id: '4562ddc6b408f4b537491056916f3ded') in 0.227660 seconds 
========================================================================
Received Import Request.
  Time since last request: 162.916666 seconds.
  path: Assets/SkySeries Freebie/FreebieHdri/CosmicCoolCloudBack.hdr
  artifactKey: Guid(a779becf00399924184cd13e046a100e) Importer(815301076,1909f56bfc062723c751e8b465ee728b)
Start importing Assets/SkySeries Freebie/FreebieHdri/CosmicCoolCloudBack.hdr using Guid(a779becf00399924184cd13e046a100e) Importer(815301076,1909f56bfc062723c751e8b465ee728b)  -> (artifact id: '454a8c8a43c4d1021422f7cee590b1f1') in 0.217280 seconds 
========================================================================
Received Import Request.
  Time since last request: 0.000058 seconds.
  path: Assets/SkySeries Freebie/FreebieHdri/CosmicCoolCloudLeft.hdr
  artifactKey: Guid(740f96d568f4f3e40b049c40f11603e5) Importer(815301076,1909f56bfc062723c751e8b465ee728b)
Start importing Assets/SkySeries Freebie/FreebieHdri/CosmicCoolCloudLeft.hdr using Guid(740f96d568f4f3e40b049c40f11603e5) Importer(815301076,1909f56bfc062723c751e8b465ee728b)  -> (artifact id: 'fc0345f5a947bf40b67e29e78d4a7be7') in 0.123547 seconds 
========================================================================
Received Import Request.
  Time since last request: 0.000045 seconds.
  path: Assets/SkySeries Freebie/FreebieHdri/CosmicCoolCloudTop.hdr
  artifactKey: Guid(a199da0432efa6a489df8883d1f3bfe0) Importer(815301076,1909f56bfc062723c751e8b465ee728b)
Start importing Assets/SkySeries Freebie/FreebieHdri/CosmicCoolCloudTop.hdr using Guid(a199da0432efa6a489df8883d1f3bfe0) Importer(815301076,1909f56bfc062723c751e8b465ee728b)  -> (artifact id: 'ca7ac841a2661eef8afdae7ae1f7b6dc') in 0.096808 seconds 
========================================================================
Received Import Request.
  Time since last request: 2.619651 seconds.
  path: Assets/SkySeries Freebie/FreebieHdri
  artifactKey: Guid(d78fe5a22bec38d43bbe7e846ac3925a) Importer(815301076,1909f56bfc062723c751e8b465ee728b)
Start importing Assets/SkySeries Freebie/FreebieHdri using Guid(d78fe5a22bec38d43bbe7e846ac3925a) Importer(815301076,1909f56bfc062723c751e8b465ee728b)  -> (artifact id: '609cbf5aa63520fc2873ce12e2ee30cf') in 0.014608 seconds 
========================================================================
Received Prepare
Registering precompiled user dll's ...
Registered in 0.011806 seconds.
Begin MonoManager ReloadAssembly
Symbol file LoadedFromMemory doesn't match image D:\juegos unity\Primer_juegoUnity-\laberintos y puzzles\Library\PackageCache\com.unity.visualscripting@1.7.8\Editor\VisualScripting.Core\Dependencies\YamlDotNet\Unity.VisualScripting.YamlDotNet.dll
Symbol file LoadedFromMemory doesn't match image D:\juegos unity\Primer_juegoUnity-\laberintos y puzzles\Library\PackageCache\com.unity.visualscripting@1.7.8\Editor\VisualScripting.Core\Dependencies\DotNetZip\Unity.VisualScripting.IonicZip.dll
Native extension for WindowsStandalone target not found
Native extension for Android target not found
Refreshing native plugins compatible for Editor in 1.36 ms, found 4 plugins.
Preloading 0 native plugins for Editor in 0.00 ms.
[ScriptCompilation] NOT recompiling all scripts because this is an import worker process. Reason to compile was: Define symbols changed
Mono: successfully reloaded assembly
- Completed reload, in  1.752 seconds
Domain Reload Profiling:
	ReloadAssembly (1753ms)
		BeginReloadAssembly (196ms)
			ExecutionOrderSort (0ms)
			DisableScriptedObjects (6ms)
			BackupInstance (0ms)
			ReleaseScriptingObjects (0ms)
			CreateAndSetChildDomain (53ms)
		EndReloadAssembly (1410ms)
			LoadAssemblies (146ms)
			RebuildTransferFunctionScriptingTraits (0ms)
			SetupTypeCache (395ms)
			ReleaseScriptCaches (2ms)
			RebuildScriptCaches (85ms)
			SetupLoadedEditorAssemblies (689ms)
				LogAssemblyErrors (0ms)
				InitializePlatformSupportModulesInManaged (34ms)
				SetLoadedEditorAssemblies (1ms)
				RefreshPlugins (1ms)
				BeforeProcessingInitializeOnLoad (99ms)
				ProcessInitializeOnLoadAttributes (501ms)
				ProcessInitializeOnLoadMethodAttributes (41ms)
				AfterProcessingInitializeOnLoad (12ms)
				EditorAssembliesLoaded (0ms)
			ExecutionOrderSort2 (0ms)
			AwakeInstancesAfterBackupRestoration (7ms)
Platform modules already initialized, skipping
Refreshing native plugins compatible for Editor in 72.34 ms, found 4 plugins.
Preloading 0 native plugins for Editor in 0.00 ms.
Unloading 4167 Unused Serialized files (Serialized files now loaded: 0)
Unloading 70 unused Assets / (3.7 MB). Loaded Objects now: 4666.
Memory consumption went from 159.3 MB to 155.6 MB.
Total: 84.573800 ms (FindLiveObjects: 0.435800 ms CreateObjectMapping: 0.122800 ms MarkObjects: 82.176100 ms  DeleteObjects: 1.837300 ms)

AssetImportParameters requested are different than current active one (requested -> active):
  custom:video-decoder-ogg-theora: a1e56fd34408186e4bbccfd4996cb3dc -> 
  custom:container-muxer-webm: aa71ff27fc2769a1b78a27578f13a17b -> 
  custom:container-demuxer-webm: 4f35f7cbe854078d1ac9338744f61a02 -> 
  custom:video-encoder-webm-vp8: eb34c28f22e8b96e1ab97ce403110664 -> 
  custom:video-codec-MediaFoundation-h265: 746d11721c4dcdbdad8f713fa42b33f4 -> 
  custom:audio-encoder-webm-vorbis: bf7c407c2cedff20999df2af8eb42d56 -> 
  custom:framework-win-MediaFoundation: 216162199b28c13a410421893ffa2e32 -> 
  custom:container-demuxer-ogg: 62fdf1f143b41e24485cea50d1cbac27 -> 
  custom:video-decoder-webm-vp8: 9c59270c3fd7afecdb556c50c9e8de78 -> 
  custom:audio-decoder-ogg-vorbis: bf7c407c2cedff20999df2af8eb42d56 -> 
========================================================================
Received Prepare
Registering precompiled user dll's ...
Registered in 0.212090 seconds.
Begin MonoManager ReloadAssembly
Symbol file LoadedFromMemory doesn't match image D:\juegos unity\Primer_juegoUnity-\laberintos y puzzles\Library\PackageCache\com.unity.visualscripting@1.7.8\Editor\VisualScripting.Core\Dependencies\YamlDotNet\Unity.VisualScripting.YamlDotNet.dll
Symbol file LoadedFromMemory doesn't match image D:\juegos unity\Primer_juegoUnity-\laberintos y puzzles\Library\PackageCache\com.unity.visualscripting@1.7.8\Editor\VisualScripting.Core\Dependencies\DotNetZip\Unity.VisualScripting.IonicZip.dll
Native extension for WindowsStandalone target not found
Native extension for Android target not found
Refreshing native plugins compatible for Editor in 1.05 ms, found 4 plugins.
Preloading 0 native plugins for Editor in 0.00 ms.
[ScriptCompilation] NOT recompiling all scripts because this is an import worker process. Reason to compile was: Define symbols changed
Mono: successfully reloaded assembly
- Completed reload, in  3.224 seconds
Domain Reload Profiling:
	ReloadAssembly (3225ms)
		BeginReloadAssembly (269ms)
			ExecutionOrderSort (0ms)
			DisableScriptedObjects (7ms)
			BackupInstance (0ms)
			ReleaseScriptingObjects (0ms)
			CreateAndSetChildDomain (53ms)
		EndReloadAssembly (2726ms)
			LoadAssemblies (1382ms)
			RebuildTransferFunctionScriptingTraits (0ms)
			SetupTypeCache (385ms)
			ReleaseScriptCaches (3ms)
			RebuildScriptCaches (78ms)
			SetupLoadedEditorAssemblies (833ms)
				LogAssemblyErrors (0ms)
				InitializePlatformSupportModulesInManaged (36ms)
				SetLoadedEditorAssemblies (2ms)
				RefreshPlugins (1ms)
				BeforeProcessingInitializeOnLoad (99ms)
				ProcessInitializeOnLoadAttributes (638ms)
				ProcessInitializeOnLoadMethodAttributes (43ms)
				AfterProcessingInitializeOnLoad (14ms)
				EditorAssembliesLoaded (0ms)
			ExecutionOrderSort2 (0ms)
			AwakeInstancesAfterBackupRestoration (7ms)
Platform modules already initialized, skipping
Refreshing native plugins compatible for Editor in 4.53 ms, found 4 plugins.
Preloading 0 native plugins for Editor in 0.00 ms.
Unloading 4169 Unused Serialized files (Serialized files now loaded: 0)
Unloading 70 unused Assets / (3.7 MB). Loaded Objects now: 4683.
Memory consumption went from 159.4 MB to 155.7 MB.
Total: 5.645000 ms (FindLiveObjects: 0.475600 ms CreateObjectMapping: 0.199800 ms MarkObjects: 3.452100 ms  DeleteObjects: 1.515900 ms)

AssetImportParameters requested are different than current active one (requested -> active):
  custom:video-decoder-ogg-theora: a1e56fd34408186e4bbccfd4996cb3dc -> 
  custom:container-muxer-webm: aa71ff27fc2769a1b78a27578f13a17b -> 
  custom:container-demuxer-webm: 4f35f7cbe854078d1ac9338744f61a02 -> 
  custom:video-encoder-webm-vp8: eb34c28f22e8b96e1ab97ce403110664 -> 
  custom:video-codec-MediaFoundation-h265: 746d11721c4dcdbdad8f713fa42b33f4 -> 
  custom:audio-encoder-webm-vorbis: bf7c407c2cedff20999df2af8eb42d56 -> 
  custom:framework-win-MediaFoundation: 216162199b28c13a410421893ffa2e32 -> 
  custom:container-demuxer-ogg: 62fdf1f143b41e24485cea50d1cbac27 -> 
  custom:video-decoder-webm-vp8: 9c59270c3fd7afecdb556c50c9e8de78 -> 
  custom:audio-decoder-ogg-vorbis: bf7c407c2cedff20999df2af8eb42d56 -> 
========================================================================
Received Import Request.
  Time since last request: 1117.825102 seconds.
  path: Assets/CosasParaProyecto/Jammo-Character/Models/Jammo_LowPoly.fbx
  artifactKey: Guid(82a2914d8f86c62488456950c8330e38) Importer(815301076,1909f56bfc062723c751e8b465ee728b)
Start importing Assets/CosasParaProyecto/Jammo-Character/Models/Jammo_LowPoly.fbx using Guid(82a2914d8f86c62488456950c8330e38) Importer(815301076,1909f56bfc062723c751e8b465ee728b)  -> (artifact id: 'a41ec2ce6ada148abdef172553e5fc53') in 1.159461 seconds 
========================================================================
Received Prepare
Registering precompiled user dll's ...
Registered in 0.008777 seconds.
Begin MonoManager ReloadAssembly
Symbol file LoadedFromMemory doesn't match image D:\juegos unity\Primer_juegoUnity-\laberintos y puzzles\Library\PackageCache\com.unity.visualscripting@1.7.8\Editor\VisualScripting.Core\Dependencies\YamlDotNet\Unity.VisualScripting.YamlDotNet.dll
Symbol file LoadedFromMemory doesn't match image D:\juegos unity\Primer_juegoUnity-\laberintos y puzzles\Library\PackageCache\com.unity.visualscripting@1.7.8\Editor\VisualScripting.Core\Dependencies\DotNetZip\Unity.VisualScripting.IonicZip.dll
Native extension for WindowsStandalone target not found
Native extension for Android target not found
Refreshing native plugins compatible for Editor in 7.64 ms, found 4 plugins.
Preloading 0 native plugins for Editor in 0.00 ms.
Mono: successfully reloaded assembly
- Completed reload, in  2.165 seconds
Domain Reload Profiling:
	ReloadAssembly (2166ms)
		BeginReloadAssembly (235ms)
			ExecutionOrderSort (0ms)
			DisableScriptedObjects (6ms)
			BackupInstance (0ms)
			ReleaseScriptingObjects (0ms)
			CreateAndSetChildDomain (65ms)
		EndReloadAssembly (1753ms)
			LoadAssemblies (172ms)
			RebuildTransferFunctionScriptingTraits (0ms)
			SetupTypeCache (468ms)
			ReleaseScriptCaches (2ms)
			RebuildScriptCaches (120ms)
			SetupLoadedEditorAssemblies (834ms)
				LogAssemblyErrors (0ms)
				InitializePlatformSupportModulesInManaged (61ms)
				SetLoadedEditorAssemblies (1ms)
				RefreshPlugins (8ms)
				BeforeProcessingInitializeOnLoad (164ms)
				ProcessInitializeOnLoadAttributes (536ms)
				ProcessInitializeOnLoadMethodAttributes (50ms)
				AfterProcessingInitializeOnLoad (14ms)
				EditorAssembliesLoaded (1ms)
			ExecutionOrderSort2 (0ms)
			AwakeInstancesAfterBackupRestoration (12ms)
Platform modules already initialized, skipping
Refreshing native plugins compatible for Editor in 5.43 ms, found 4 plugins.
Preloading 0 native plugins for Editor in 0.00 ms.
Unloading 4169 Unused Serialized files (Serialized files now loaded: 0)
Unloading 70 unused Assets / (3.7 MB). Loaded Objects now: 4699.
Memory consumption went from 172.1 MB to 168.4 MB.
Total: 8.144200 ms (FindLiveObjects: 0.475700 ms CreateObjectMapping: 0.182600 ms MarkObjects: 5.168700 ms  DeleteObjects: 2.315300 ms)

AssetImportParameters requested are different than current active one (requested -> active):
  custom:video-decoder-ogg-theora: a1e56fd34408186e4bbccfd4996cb3dc -> 
  custom:container-muxer-webm: aa71ff27fc2769a1b78a27578f13a17b -> 
  custom:container-demuxer-webm: 4f35f7cbe854078d1ac9338744f61a02 -> 
  custom:video-encoder-webm-vp8: eb34c28f22e8b96e1ab97ce403110664 -> 
  custom:video-codec-MediaFoundation-h265: 746d11721c4dcdbdad8f713fa42b33f4 -> 
  custom:audio-encoder-webm-vorbis: bf7c407c2cedff20999df2af8eb42d56 -> 
  custom:framework-win-MediaFoundation: 216162199b28c13a410421893ffa2e32 -> 
  custom:container-demuxer-ogg: 62fdf1f143b41e24485cea50d1cbac27 -> 
  custom:video-decoder-webm-vp8: 9c59270c3fd7afecdb556c50c9e8de78 -> 
  custom:audio-decoder-ogg-vorbis: bf7c407c2cedff20999df2af8eb42d56 -> 
========================================================================
Received Prepare
Registering precompiled user dll's ...
Registered in 0.008891 seconds.
Begin MonoManager ReloadAssembly
Symbol file LoadedFromMemory doesn't match image D:\juegos unity\Primer_juegoUnity-\laberintos y puzzles\Library\PackageCache\com.unity.visualscripting@1.7.8\Editor\VisualScripting.Core\Dependencies\YamlDotNet\Unity.VisualScripting.YamlDotNet.dll
Symbol file LoadedFromMemory doesn't match image D:\juegos unity\Primer_juegoUnity-\laberintos y puzzles\Library\PackageCache\com.unity.visualscripting@1.7.8\Editor\VisualScripting.Core\Dependencies\DotNetZip\Unity.VisualScripting.IonicZip.dll
Native extension for WindowsStandalone target not found
Native extension for Android target not found
Refreshing native plugins compatible for Editor in 1.89 ms, found 4 plugins.
Preloading 0 native plugins for Editor in 0.00 ms.
Mono: successfully reloaded assembly
- Completed reload, in  1.959 seconds
Domain Reload Profiling:
	ReloadAssembly (1960ms)
		BeginReloadAssembly (226ms)
			ExecutionOrderSort (0ms)
			DisableScriptedObjects (7ms)
			BackupInstance (0ms)
			ReleaseScriptingObjects (0ms)
			CreateAndSetChildDomain (65ms)
		EndReloadAssembly (1572ms)
			LoadAssemblies (168ms)
			RebuildTransferFunctionScriptingTraits (0ms)
			SetupTypeCache (463ms)
			ReleaseScriptCaches (2ms)
			RebuildScriptCaches (87ms)
			SetupLoadedEditorAssemblies (763ms)
				LogAssemblyErrors (0ms)
				InitializePlatformSupportModulesInManaged (41ms)
				SetLoadedEditorAssemblies (1ms)
				RefreshPlugins (2ms)
				BeforeProcessingInitializeOnLoad (116ms)
				ProcessInitializeOnLoadAttributes (531ms)
				ProcessInitializeOnLoadMethodAttributes (56ms)
				AfterProcessingInitializeOnLoad (15ms)
				EditorAssembliesLoaded (0ms)
			ExecutionOrderSort2 (0ms)
			AwakeInstancesAfterBackupRestoration (10ms)
Platform modules already initialized, skipping
Refreshing native plugins compatible for Editor in 4.20 ms, found 4 plugins.
Preloading 0 native plugins for Editor in 0.00 ms.
Unloading 4169 Unused Serialized files (Serialized files now loaded: 0)
Unloading 70 unused Assets / (3.7 MB). Loaded Objects now: 4714.
Memory consumption went from 172.1 MB to 168.4 MB.
Total: 8.600000 ms (FindLiveObjects: 0.464800 ms CreateObjectMapping: 0.707700 ms MarkObjects: 5.268400 ms  DeleteObjects: 2.157600 ms)

AssetImportParameters requested are different than current active one (requested -> active):
  custom:video-decoder-ogg-theora: a1e56fd34408186e4bbccfd4996cb3dc -> 
  custom:container-muxer-webm: aa71ff27fc2769a1b78a27578f13a17b -> 
  custom:container-demuxer-webm: 4f35f7cbe854078d1ac9338744f61a02 -> 
  custom:video-encoder-webm-vp8: eb34c28f22e8b96e1ab97ce403110664 -> 
  custom:video-codec-MediaFoundation-h265: 746d11721c4dcdbdad8f713fa42b33f4 -> 
  custom:audio-encoder-webm-vorbis: bf7c407c2cedff20999df2af8eb42d56 -> 
  custom:framework-win-MediaFoundation: 216162199b28c13a410421893ffa2e32 -> 
  custom:container-demuxer-ogg: 62fdf1f143b41e24485cea50d1cbac27 -> 
  custom:video-decoder-webm-vp8: 9c59270c3fd7afecdb556c50c9e8de78 -> 
  custom:audio-decoder-ogg-vorbis: bf7c407c2cedff20999df2af8eb42d56 -> 
========================================================================
Received Prepare
Registering precompiled user dll's ...
Registered in 0.009335 seconds.
Begin MonoManager ReloadAssembly
Symbol file LoadedFromMemory doesn't match image D:\juegos unity\Primer_juegoUnity-\laberintos y puzzles\Library\PackageCache\com.unity.visualscripting@1.7.8\Editor\VisualScripting.Core\Dependencies\YamlDotNet\Unity.VisualScripting.YamlDotNet.dll
Symbol file LoadedFromMemory doesn't match image D:\juegos unity\Primer_juegoUnity-\laberintos y puzzles\Library\PackageCache\com.unity.visualscripting@1.7.8\Editor\VisualScripting.Core\Dependencies\DotNetZip\Unity.VisualScripting.IonicZip.dll
Native extension for WindowsStandalone target not found
Native extension for Android target not found
Refreshing native plugins compatible for Editor in 1.70 ms, found 4 plugins.
Preloading 0 native plugins for Editor in 0.00 ms.
Mono: successfully reloaded assembly
- Completed reload, in  1.902 seconds
Domain Reload Profiling:
	ReloadAssembly (1903ms)
		BeginReloadAssembly (204ms)
			ExecutionOrderSort (0ms)
			DisableScriptedObjects (7ms)
			BackupInstance (0ms)
			ReleaseScriptingObjects (0ms)
			CreateAndSetChildDomain (57ms)
		EndReloadAssembly (1546ms)
			LoadAssemblies (167ms)
			RebuildTransferFunctionScriptingTraits (0ms)
			SetupTypeCache (468ms)
			ReleaseScriptCaches (3ms)
			RebuildScriptCaches (79ms)
			SetupLoadedEditorAssemblies (742ms)
				LogAssemblyErrors (0ms)
				InitializePlatformSupportModulesInManaged (40ms)
				SetLoadedEditorAssemblies (1ms)
				RefreshPlugins (2ms)
				BeforeProcessingInitializeOnLoad (119ms)
				ProcessInitializeOnLoadAttributes (514ms)
				ProcessInitializeOnLoadMethodAttributes (49ms)
				AfterProcessingInitializeOnLoad (16ms)
				EditorAssembliesLoaded (0ms)
			ExecutionOrderSort2 (0ms)
			AwakeInstancesAfterBackupRestoration (10ms)
Platform modules already initialized, skipping
Refreshing native plugins compatible for Editor in 6.01 ms, found 4 plugins.
Preloading 0 native plugins for Editor in 0.00 ms.
Unloading 4169 Unused Serialized files (Serialized files now loaded: 0)
Unloading 70 unused Assets / (3.7 MB). Loaded Objects now: 4729.
Memory consumption went from 172.1 MB to 168.4 MB.
Total: 9.271300 ms (FindLiveObjects: 0.685600 ms CreateObjectMapping: 0.736900 ms MarkObjects: 5.877800 ms  DeleteObjects: 1.969100 ms)

AssetImportParameters requested are different than current active one (requested -> active):
  custom:video-decoder-ogg-theora: a1e56fd34408186e4bbccfd4996cb3dc -> 
  custom:container-muxer-webm: aa71ff27fc2769a1b78a27578f13a17b -> 
  custom:container-demuxer-webm: 4f35f7cbe854078d1ac9338744f61a02 -> 
  custom:video-encoder-webm-vp8: eb34c28f22e8b96e1ab97ce403110664 -> 
  custom:video-codec-MediaFoundation-h265: 746d11721c4dcdbdad8f713fa42b33f4 -> 
  custom:audio-encoder-webm-vorbis: bf7c407c2cedff20999df2af8eb42d56 -> 
  custom:framework-win-MediaFoundation: 216162199b28c13a410421893ffa2e32 -> 
  custom:container-demuxer-ogg: 62fdf1f143b41e24485cea50d1cbac27 -> 
  custom:video-decoder-webm-vp8: 9c59270c3fd7afecdb556c50c9e8de78 -> 
  custom:audio-decoder-ogg-vorbis: bf7c407c2cedff20999df2af8eb42d56 -> 
========================================================================
Received Prepare
Registering precompiled user dll's ...
Registered in 0.009610 seconds.
Begin MonoManager ReloadAssembly
Symbol file LoadedFromMemory doesn't match image D:\juegos unity\Primer_juegoUnity-\laberintos y puzzles\Library\PackageCache\com.unity.visualscripting@1.7.8\Editor\VisualScripting.Core\Dependencies\YamlDotNet\Unity.VisualScripting.YamlDotNet.dll
Symbol file LoadedFromMemory doesn't match image D:\juegos unity\Primer_juegoUnity-\laberintos y puzzles\Library\PackageCache\com.unity.visualscripting@1.7.8\Editor\VisualScripting.Core\Dependencies\DotNetZip\Unity.VisualScripting.IonicZip.dll
Native extension for WindowsStandalone target not found
Native extension for Android target not found
Refreshing native plugins compatible for Editor in 2.06 ms, found 4 plugins.
Preloading 0 native plugins for Editor in 0.00 ms.
Mono: successfully reloaded assembly
- Completed reload, in  1.904 seconds
Domain Reload Profiling:
	ReloadAssembly (1905ms)
		BeginReloadAssembly (202ms)
			ExecutionOrderSort (0ms)
			DisableScriptedObjects (7ms)
			BackupInstance (0ms)
			ReleaseScriptingObjects (0ms)
			CreateAndSetChildDomain (59ms)
		EndReloadAssembly (1548ms)
			LoadAssemblies (152ms)
			RebuildTransferFunctionScriptingTraits (0ms)
			SetupTypeCache (456ms)
			ReleaseScriptCaches (2ms)
			RebuildScriptCaches (86ms)
			SetupLoadedEditorAssemblies (764ms)
				LogAssemblyErrors (0ms)
				InitializePlatformSupportModulesInManaged (42ms)
				SetLoadedEditorAssemblies (1ms)
				RefreshPlugins (2ms)
				BeforeProcessingInitializeOnLoad (116ms)
				ProcessInitializeOnLoadAttributes (526ms)
				ProcessInitializeOnLoadMethodAttributes (61ms)
				AfterProcessingInitializeOnLoad (15ms)
				EditorAssembliesLoaded (0ms)
			ExecutionOrderSort2 (0ms)
			AwakeInstancesAfterBackupRestoration (10ms)
Platform modules already initialized, skipping
Refreshing native plugins compatible for Editor in 5.98 ms, found 4 plugins.
Preloading 0 native plugins for Editor in 0.00 ms.
Unloading 4169 Unused Serialized files (Serialized files now loaded: 0)
Unloading 70 unused Assets / (3.7 MB). Loaded Objects now: 4744.
Memory consumption went from 172.1 MB to 168.4 MB.
Total: 8.141200 ms (FindLiveObjects: 0.581900 ms CreateObjectMapping: 0.413300 ms MarkObjects: 5.074100 ms  DeleteObjects: 2.070300 ms)

AssetImportParameters requested are different than current active one (requested -> active):
  custom:video-decoder-ogg-theora: a1e56fd34408186e4bbccfd4996cb3dc -> 
  custom:container-muxer-webm: aa71ff27fc2769a1b78a27578f13a17b -> 
  custom:container-demuxer-webm: 4f35f7cbe854078d1ac9338744f61a02 -> 
  custom:video-encoder-webm-vp8: eb34c28f22e8b96e1ab97ce403110664 -> 
  custom:video-codec-MediaFoundation-h265: 746d11721c4dcdbdad8f713fa42b33f4 -> 
  custom:audio-encoder-webm-vorbis: bf7c407c2cedff20999df2af8eb42d56 -> 
  custom:framework-win-MediaFoundation: 216162199b28c13a410421893ffa2e32 -> 
  custom:container-demuxer-ogg: 62fdf1f143b41e24485cea50d1cbac27 -> 
  custom:video-decoder-webm-vp8: 9c59270c3fd7afecdb556c50c9e8de78 -> 
  custom:audio-decoder-ogg-vorbis: bf7c407c2cedff20999df2af8eb42d56 -> 
